ARM GAS  C:\Users\Susanna\AppData\Local\Temp\cc0Wea1z.s 			page 1


   1              		.syntax unified
   2              		.cpu cortex-m3
   3              		.fpu softvfp
   4              		.eabi_attribute 20, 1
   5              		.eabi_attribute 21, 1
   6              		.eabi_attribute 23, 3
   7              		.eabi_attribute 24, 1
   8              		.eabi_attribute 25, 1
   9              		.eabi_attribute 26, 1
  10              		.eabi_attribute 30, 1
  11              		.eabi_attribute 34, 1
  12              		.eabi_attribute 18, 4
  13              		.thumb
  14              		.syntax unified
  15              		.file	"InterruptRoutines.c"
  16              		.text
  17              	.Ltext0:
  18              		.cfi_sections	.debug_frame
  19              		.section	.text.Custom_ISR_ADC,"ax",%progbits
  20              		.align	2
  21              		.global	Custom_ISR_ADC
  22              		.thumb
  23              		.thumb_func
  24              		.type	Custom_ISR_ADC, %function
  25              	Custom_ISR_ADC:
  26              	.LFB64:
  27              		.file 1 "InterruptRoutines.c"
   1:InterruptRoutines.c **** /* ========================================
   2:InterruptRoutines.c ****  *
   3:InterruptRoutines.c ****  * Copyright YOUR COMPANY, THE YEAR
   4:InterruptRoutines.c ****  * All Rights Reserved
   5:InterruptRoutines.c ****  * UNPUBLISHED, LICENSED SOFTWARE.
   6:InterruptRoutines.c ****  *
   7:InterruptRoutines.c ****  * CONFIDENTIAL AND PROPRIETARY INFORMATION
   8:InterruptRoutines.c ****  * WHICH IS THE PROPERTY OF your company.
   9:InterruptRoutines.c ****  *
  10:InterruptRoutines.c ****  * ========================================
  11:InterruptRoutines.c **** */
  12:InterruptRoutines.c **** //Include header
  13:InterruptRoutines.c **** #include "InterruptRoutines.h"
  14:InterruptRoutines.c **** 
  15:InterruptRoutines.c **** //Include required header files
  16:InterruptRoutines.c **** #include "project.h"
  17:InterruptRoutines.c **** 
  18:InterruptRoutines.c **** CY_ISR(Custom_ISR_ADC)
  19:InterruptRoutines.c **** {
  28              		.loc 1 19 0
  29              		.cfi_startproc
  30              		@ args = 0, pretend = 0, frame = 0
  31              		@ frame_needed = 0, uses_anonymous_args = 0
  32 0000 08B5     		push	{r3, lr}
  33              		.cfi_def_cfa_offset 8
  34              		.cfi_offset 3, -8
  35              		.cfi_offset 14, -4
  20:InterruptRoutines.c ****     Timer_ReadStatusRegister();
  36              		.loc 1 20 0
  37 0002 FFF7FEFF 		bl	Timer_ReadStatusRegister
ARM GAS  C:\Users\Susanna\AppData\Local\Temp\cc0Wea1z.s 			page 2


  38              	.LVL0:
  21:InterruptRoutines.c ****     
  22:InterruptRoutines.c ****     if (status_register & DATA_AVAILABLE)
  39              		.loc 1 22 0
  40 0006 044B     		ldr	r3, .L4
  41 0008 1B78     		ldrb	r3, [r3]	@ zero_extendqisi2
  42 000a 13F0080F 		tst	r3, #8
  43 000e 02D0     		beq	.L1
  23:InterruptRoutines.c ****         {
  24:InterruptRoutines.c ****         flag_ISR=1; 
  44              		.loc 1 24 0
  45 0010 0122     		movs	r2, #1
  46 0012 024B     		ldr	r3, .L4+4
  47 0014 1A70     		strb	r2, [r3]
  48              	.L1:
  49 0016 08BD     		pop	{r3, pc}
  50              	.L5:
  51              		.align	2
  52              	.L4:
  53 0018 00000000 		.word	status_register
  54 001c 00000000 		.word	flag_ISR
  55              		.cfi_endproc
  56              	.LFE64:
  57              		.size	Custom_ISR_ADC, .-Custom_ISR_ADC
  58              		.comm	status_register,1,1
  59              		.comm	flag_ISR,1,1
  60              		.text
  61              	.Letext0:
  62              		.file 2 "c:\\program files (x86)\\cypress\\psoc creator\\4.3\\psoc creator\\import\\gnu\\arm\\5.4.
  63              		.file 3 "c:\\program files (x86)\\cypress\\psoc creator\\4.3\\psoc creator\\import\\gnu\\arm\\5.4.
  64              		.file 4 "Generated_Source\\PSoC5/cytypes.h"
  65              		.file 5 "InterruptRoutines.h"
  66              		.file 6 "Generated_Source\\PSoC5/core_cm3.h"
  67              		.file 7 "Generated_Source\\PSoC5/Timer.h"
  68              		.section	.debug_info,"",%progbits
  69              	.Ldebug_info0:
  70 0000 25010000 		.4byte	0x125
  71 0004 0400     		.2byte	0x4
  72 0006 00000000 		.4byte	.Ldebug_abbrev0
  73 000a 04       		.byte	0x4
  74 000b 01       		.uleb128 0x1
  75 000c 3D000000 		.4byte	.LASF22
  76 0010 0C       		.byte	0xc
  77 0011 0D010000 		.4byte	.LASF23
  78 0015 21010000 		.4byte	.LASF24
  79 0019 00000000 		.4byte	.Ldebug_ranges0+0
  80 001d 00000000 		.4byte	0
  81 0021 00000000 		.4byte	.Ldebug_line0
  82 0025 02       		.uleb128 0x2
  83 0026 01       		.byte	0x1
  84 0027 06       		.byte	0x6
  85 0028 C0010000 		.4byte	.LASF0
  86 002c 03       		.uleb128 0x3
  87 002d 03010000 		.4byte	.LASF4
  88 0031 02       		.byte	0x2
  89 0032 1D       		.byte	0x1d
  90 0033 37000000 		.4byte	0x37
ARM GAS  C:\Users\Susanna\AppData\Local\Temp\cc0Wea1z.s 			page 3


  91 0037 02       		.uleb128 0x2
  92 0038 01       		.byte	0x1
  93 0039 08       		.byte	0x8
  94 003a 6E010000 		.4byte	.LASF1
  95 003e 02       		.uleb128 0x2
  96 003f 02       		.byte	0x2
  97 0040 05       		.byte	0x5
  98 0041 E8010000 		.4byte	.LASF2
  99 0045 02       		.uleb128 0x2
 100 0046 02       		.byte	0x2
 101 0047 07       		.byte	0x7
 102 0048 0E000000 		.4byte	.LASF3
 103 004c 03       		.uleb128 0x3
 104 004d D8010000 		.4byte	.LASF5
 105 0051 02       		.byte	0x2
 106 0052 3F       		.byte	0x3f
 107 0053 57000000 		.4byte	0x57
 108 0057 02       		.uleb128 0x2
 109 0058 04       		.byte	0x4
 110 0059 05       		.byte	0x5
 111 005a 81010000 		.4byte	.LASF6
 112 005e 02       		.uleb128 0x2
 113 005f 04       		.byte	0x4
 114 0060 07       		.byte	0x7
 115 0061 8A010000 		.4byte	.LASF7
 116 0065 02       		.uleb128 0x2
 117 0066 08       		.byte	0x8
 118 0067 05       		.byte	0x5
 119 0068 00000000 		.4byte	.LASF8
 120 006c 02       		.uleb128 0x2
 121 006d 08       		.byte	0x8
 122 006e 07       		.byte	0x7
 123 006f EC000000 		.4byte	.LASF9
 124 0073 04       		.uleb128 0x4
 125 0074 04       		.byte	0x4
 126 0075 05       		.byte	0x5
 127 0076 696E7400 		.ascii	"int\000"
 128 007a 02       		.uleb128 0x2
 129 007b 04       		.byte	0x4
 130 007c 07       		.byte	0x7
 131 007d 21000000 		.4byte	.LASF10
 132 0081 03       		.uleb128 0x3
 133 0082 66010000 		.4byte	.LASF11
 134 0086 03       		.byte	0x3
 135 0087 18       		.byte	0x18
 136 0088 2C000000 		.4byte	0x2c
 137 008c 03       		.uleb128 0x3
 138 008d CB000000 		.4byte	.LASF12
 139 0091 03       		.byte	0x3
 140 0092 2C       		.byte	0x2c
 141 0093 4C000000 		.4byte	0x4c
 142 0097 05       		.uleb128 0x5
 143 0098 37000000 		.4byte	.LASF13
 144 009c 04       		.byte	0x4
 145 009d E401     		.2byte	0x1e4
 146 009f 37000000 		.4byte	0x37
 147 00a3 02       		.uleb128 0x2
ARM GAS  C:\Users\Susanna\AppData\Local\Temp\cc0Wea1z.s 			page 4


 148 00a4 04       		.byte	0x4
 149 00a5 04       		.byte	0x4
 150 00a6 E2010000 		.4byte	.LASF14
 151 00aa 02       		.uleb128 0x2
 152 00ab 08       		.byte	0x8
 153 00ac 04       		.byte	0x4
 154 00ad 9C010000 		.4byte	.LASF15
 155 00b1 02       		.uleb128 0x2
 156 00b2 01       		.byte	0x1
 157 00b3 08       		.byte	0x8
 158 00b4 7C010000 		.4byte	.LASF16
 159 00b8 06       		.uleb128 0x6
 160 00b9 97000000 		.4byte	0x97
 161 00bd 02       		.uleb128 0x2
 162 00be 08       		.byte	0x8
 163 00bf 04       		.byte	0x4
 164 00c0 CC010000 		.4byte	.LASF17
 165 00c4 02       		.uleb128 0x2
 166 00c5 04       		.byte	0x4
 167 00c6 07       		.byte	0x7
 168 00c7 01020000 		.4byte	.LASF18
 169 00cb 07       		.uleb128 0x7
 170 00cc F2010000 		.4byte	.LASF25
 171 00d0 01       		.byte	0x1
 172 00d1 12       		.byte	0x12
 173 00d2 00000000 		.4byte	.LFB64
 174 00d6 20000000 		.4byte	.LFE64-.LFB64
 175 00da 01       		.uleb128 0x1
 176 00db 9C       		.byte	0x9c
 177 00dc EA000000 		.4byte	0xea
 178 00e0 08       		.uleb128 0x8
 179 00e1 06000000 		.4byte	.LVL0
 180 00e5 1D010000 		.4byte	0x11d
 181 00e9 00       		.byte	0
 182 00ea 09       		.uleb128 0x9
 183 00eb 2E000000 		.4byte	.LASF19
 184 00ef 05       		.byte	0x5
 185 00f0 17       		.byte	0x17
 186 00f1 B8000000 		.4byte	0xb8
 187 00f5 05       		.uleb128 0x5
 188 00f6 03       		.byte	0x3
 189 00f7 00000000 		.4byte	flag_ISR
 190 00fb 09       		.uleb128 0x9
 191 00fc A3010000 		.4byte	.LASF20
 192 0100 05       		.byte	0x5
 193 0101 18       		.byte	0x18
 194 0102 81000000 		.4byte	0x81
 195 0106 05       		.uleb128 0x5
 196 0107 03       		.byte	0x3
 197 0108 00000000 		.4byte	status_register
 198 010c 0A       		.uleb128 0xa
 199 010d B3010000 		.4byte	.LASF21
 200 0111 06       		.byte	0x6
 201 0112 1207     		.2byte	0x712
 202 0114 18010000 		.4byte	0x118
 203 0118 06       		.uleb128 0x6
 204 0119 8C000000 		.4byte	0x8c
ARM GAS  C:\Users\Susanna\AppData\Local\Temp\cc0Wea1z.s 			page 5


 205 011d 0B       		.uleb128 0xb
 206 011e D3000000 		.4byte	.LASF26
 207 0122 D3000000 		.4byte	.LASF26
 208 0126 07       		.byte	0x7
 209 0127 5E       		.byte	0x5e
 210 0128 00       		.byte	0
 211              		.section	.debug_abbrev,"",%progbits
 212              	.Ldebug_abbrev0:
 213 0000 01       		.uleb128 0x1
 214 0001 11       		.uleb128 0x11
 215 0002 01       		.byte	0x1
 216 0003 25       		.uleb128 0x25
 217 0004 0E       		.uleb128 0xe
 218 0005 13       		.uleb128 0x13
 219 0006 0B       		.uleb128 0xb
 220 0007 03       		.uleb128 0x3
 221 0008 0E       		.uleb128 0xe
 222 0009 1B       		.uleb128 0x1b
 223 000a 0E       		.uleb128 0xe
 224 000b 55       		.uleb128 0x55
 225 000c 17       		.uleb128 0x17
 226 000d 11       		.uleb128 0x11
 227 000e 01       		.uleb128 0x1
 228 000f 10       		.uleb128 0x10
 229 0010 17       		.uleb128 0x17
 230 0011 00       		.byte	0
 231 0012 00       		.byte	0
 232 0013 02       		.uleb128 0x2
 233 0014 24       		.uleb128 0x24
 234 0015 00       		.byte	0
 235 0016 0B       		.uleb128 0xb
 236 0017 0B       		.uleb128 0xb
 237 0018 3E       		.uleb128 0x3e
 238 0019 0B       		.uleb128 0xb
 239 001a 03       		.uleb128 0x3
 240 001b 0E       		.uleb128 0xe
 241 001c 00       		.byte	0
 242 001d 00       		.byte	0
 243 001e 03       		.uleb128 0x3
 244 001f 16       		.uleb128 0x16
 245 0020 00       		.byte	0
 246 0021 03       		.uleb128 0x3
 247 0022 0E       		.uleb128 0xe
 248 0023 3A       		.uleb128 0x3a
 249 0024 0B       		.uleb128 0xb
 250 0025 3B       		.uleb128 0x3b
 251 0026 0B       		.uleb128 0xb
 252 0027 49       		.uleb128 0x49
 253 0028 13       		.uleb128 0x13
 254 0029 00       		.byte	0
 255 002a 00       		.byte	0
 256 002b 04       		.uleb128 0x4
 257 002c 24       		.uleb128 0x24
 258 002d 00       		.byte	0
 259 002e 0B       		.uleb128 0xb
 260 002f 0B       		.uleb128 0xb
 261 0030 3E       		.uleb128 0x3e
ARM GAS  C:\Users\Susanna\AppData\Local\Temp\cc0Wea1z.s 			page 6


 262 0031 0B       		.uleb128 0xb
 263 0032 03       		.uleb128 0x3
 264 0033 08       		.uleb128 0x8
 265 0034 00       		.byte	0
 266 0035 00       		.byte	0
 267 0036 05       		.uleb128 0x5
 268 0037 16       		.uleb128 0x16
 269 0038 00       		.byte	0
 270 0039 03       		.uleb128 0x3
 271 003a 0E       		.uleb128 0xe
 272 003b 3A       		.uleb128 0x3a
 273 003c 0B       		.uleb128 0xb
 274 003d 3B       		.uleb128 0x3b
 275 003e 05       		.uleb128 0x5
 276 003f 49       		.uleb128 0x49
 277 0040 13       		.uleb128 0x13
 278 0041 00       		.byte	0
 279 0042 00       		.byte	0
 280 0043 06       		.uleb128 0x6
 281 0044 35       		.uleb128 0x35
 282 0045 00       		.byte	0
 283 0046 49       		.uleb128 0x49
 284 0047 13       		.uleb128 0x13
 285 0048 00       		.byte	0
 286 0049 00       		.byte	0
 287 004a 07       		.uleb128 0x7
 288 004b 2E       		.uleb128 0x2e
 289 004c 01       		.byte	0x1
 290 004d 3F       		.uleb128 0x3f
 291 004e 19       		.uleb128 0x19
 292 004f 03       		.uleb128 0x3
 293 0050 0E       		.uleb128 0xe
 294 0051 3A       		.uleb128 0x3a
 295 0052 0B       		.uleb128 0xb
 296 0053 3B       		.uleb128 0x3b
 297 0054 0B       		.uleb128 0xb
 298 0055 27       		.uleb128 0x27
 299 0056 19       		.uleb128 0x19
 300 0057 11       		.uleb128 0x11
 301 0058 01       		.uleb128 0x1
 302 0059 12       		.uleb128 0x12
 303 005a 06       		.uleb128 0x6
 304 005b 40       		.uleb128 0x40
 305 005c 18       		.uleb128 0x18
 306 005d 9742     		.uleb128 0x2117
 307 005f 19       		.uleb128 0x19
 308 0060 01       		.uleb128 0x1
 309 0061 13       		.uleb128 0x13
 310 0062 00       		.byte	0
 311 0063 00       		.byte	0
 312 0064 08       		.uleb128 0x8
 313 0065 898201   		.uleb128 0x4109
 314 0068 00       		.byte	0
 315 0069 11       		.uleb128 0x11
 316 006a 01       		.uleb128 0x1
 317 006b 31       		.uleb128 0x31
 318 006c 13       		.uleb128 0x13
ARM GAS  C:\Users\Susanna\AppData\Local\Temp\cc0Wea1z.s 			page 7


 319 006d 00       		.byte	0
 320 006e 00       		.byte	0
 321 006f 09       		.uleb128 0x9
 322 0070 34       		.uleb128 0x34
 323 0071 00       		.byte	0
 324 0072 03       		.uleb128 0x3
 325 0073 0E       		.uleb128 0xe
 326 0074 3A       		.uleb128 0x3a
 327 0075 0B       		.uleb128 0xb
 328 0076 3B       		.uleb128 0x3b
 329 0077 0B       		.uleb128 0xb
 330 0078 49       		.uleb128 0x49
 331 0079 13       		.uleb128 0x13
 332 007a 3F       		.uleb128 0x3f
 333 007b 19       		.uleb128 0x19
 334 007c 02       		.uleb128 0x2
 335 007d 18       		.uleb128 0x18
 336 007e 00       		.byte	0
 337 007f 00       		.byte	0
 338 0080 0A       		.uleb128 0xa
 339 0081 34       		.uleb128 0x34
 340 0082 00       		.byte	0
 341 0083 03       		.uleb128 0x3
 342 0084 0E       		.uleb128 0xe
 343 0085 3A       		.uleb128 0x3a
 344 0086 0B       		.uleb128 0xb
 345 0087 3B       		.uleb128 0x3b
 346 0088 05       		.uleb128 0x5
 347 0089 49       		.uleb128 0x49
 348 008a 13       		.uleb128 0x13
 349 008b 3F       		.uleb128 0x3f
 350 008c 19       		.uleb128 0x19
 351 008d 3C       		.uleb128 0x3c
 352 008e 19       		.uleb128 0x19
 353 008f 00       		.byte	0
 354 0090 00       		.byte	0
 355 0091 0B       		.uleb128 0xb
 356 0092 2E       		.uleb128 0x2e
 357 0093 00       		.byte	0
 358 0094 3F       		.uleb128 0x3f
 359 0095 19       		.uleb128 0x19
 360 0096 3C       		.uleb128 0x3c
 361 0097 19       		.uleb128 0x19
 362 0098 6E       		.uleb128 0x6e
 363 0099 0E       		.uleb128 0xe
 364 009a 03       		.uleb128 0x3
 365 009b 0E       		.uleb128 0xe
 366 009c 3A       		.uleb128 0x3a
 367 009d 0B       		.uleb128 0xb
 368 009e 3B       		.uleb128 0x3b
 369 009f 0B       		.uleb128 0xb
 370 00a0 00       		.byte	0
 371 00a1 00       		.byte	0
 372 00a2 00       		.byte	0
 373              		.section	.debug_aranges,"",%progbits
 374 0000 1C000000 		.4byte	0x1c
 375 0004 0200     		.2byte	0x2
ARM GAS  C:\Users\Susanna\AppData\Local\Temp\cc0Wea1z.s 			page 8


 376 0006 00000000 		.4byte	.Ldebug_info0
 377 000a 04       		.byte	0x4
 378 000b 00       		.byte	0
 379 000c 0000     		.2byte	0
 380 000e 0000     		.2byte	0
 381 0010 00000000 		.4byte	.LFB64
 382 0014 20000000 		.4byte	.LFE64-.LFB64
 383 0018 00000000 		.4byte	0
 384 001c 00000000 		.4byte	0
 385              		.section	.debug_ranges,"",%progbits
 386              	.Ldebug_ranges0:
 387 0000 00000000 		.4byte	.LFB64
 388 0004 20000000 		.4byte	.LFE64
 389 0008 00000000 		.4byte	0
 390 000c 00000000 		.4byte	0
 391              		.section	.debug_line,"",%progbits
 392              	.Ldebug_line0:
 393 0000 93010000 		.section	.debug_str,"MS",%progbits,1
 393      02007B01 
 393      00000201 
 393      FB0E0D00 
 393      01010101 
 394              	.LASF8:
 395 0000 6C6F6E67 		.ascii	"long long int\000"
 395      206C6F6E 
 395      6720696E 
 395      7400
 396              	.LASF3:
 397 000e 73686F72 		.ascii	"short unsigned int\000"
 397      7420756E 
 397      7369676E 
 397      65642069 
 397      6E7400
 398              	.LASF10:
 399 0021 756E7369 		.ascii	"unsigned int\000"
 399      676E6564 
 399      20696E74 
 399      00
 400              	.LASF19:
 401 002e 666C6167 		.ascii	"flag_ISR\000"
 401      5F495352 
 401      00
 402              	.LASF13:
 403 0037 75696E74 		.ascii	"uint8\000"
 403      3800
 404              	.LASF22:
 405 003d 474E5520 		.ascii	"GNU C11 5.4.1 20160609 (release) [ARM/embedded-5-br"
 405      43313120 
 405      352E342E 
 405      31203230 
 405      31363036 
 406 0070 616E6368 		.ascii	"anch revision 237715] -mcpu=cortex-m3 -mthumb -g -O"
 406      20726576 
 406      6973696F 
 406      6E203233 
 406      37373135 
 407 00a3 67202D66 		.ascii	"g -ffunction-sections -ffat-lto-objects\000"
ARM GAS  C:\Users\Susanna\AppData\Local\Temp\cc0Wea1z.s 			page 9


 407      66756E63 
 407      74696F6E 
 407      2D736563 
 407      74696F6E 
 408              	.LASF12:
 409 00cb 696E7433 		.ascii	"int32_t\000"
 409      325F7400 
 410              	.LASF26:
 411 00d3 54696D65 		.ascii	"Timer_ReadStatusRegister\000"
 411      725F5265 
 411      61645374 
 411      61747573 
 411      52656769 
 412              	.LASF9:
 413 00ec 6C6F6E67 		.ascii	"long long unsigned int\000"
 413      206C6F6E 
 413      6720756E 
 413      7369676E 
 413      65642069 
 414              	.LASF4:
 415 0103 5F5F7569 		.ascii	"__uint8_t\000"
 415      6E74385F 
 415      7400
 416              	.LASF23:
 417 010d 496E7465 		.ascii	"InterruptRoutines.c\000"
 417      72727570 
 417      74526F75 
 417      74696E65 
 417      732E6300 
 418              	.LASF24:
 419 0121 433A5C55 		.ascii	"C:\\Users\\Susanna\\Desktop\\psoc03\\PSoC_03\\AY192"
 419      73657273 
 419      5C537573 
 419      616E6E61 
 419      5C446573 
 420 014e 305F4949 		.ascii	"0_II_HW_05_PROJ_2.cydsn\000"
 420      5F48575F 
 420      30355F50 
 420      524F4A5F 
 420      322E6379 
 421              	.LASF11:
 422 0166 75696E74 		.ascii	"uint8_t\000"
 422      385F7400 
 423              	.LASF1:
 424 016e 756E7369 		.ascii	"unsigned char\000"
 424      676E6564 
 424      20636861 
 424      7200
 425              	.LASF16:
 426 017c 63686172 		.ascii	"char\000"
 426      00
 427              	.LASF6:
 428 0181 6C6F6E67 		.ascii	"long int\000"
 428      20696E74 
 428      00
 429              	.LASF7:
 430 018a 6C6F6E67 		.ascii	"long unsigned int\000"
ARM GAS  C:\Users\Susanna\AppData\Local\Temp\cc0Wea1z.s 			page 10


 430      20756E73 
 430      69676E65 
 430      6420696E 
 430      7400
 431              	.LASF15:
 432 019c 646F7562 		.ascii	"double\000"
 432      6C6500
 433              	.LASF20:
 434 01a3 73746174 		.ascii	"status_register\000"
 434      75735F72 
 434      65676973 
 434      74657200 
 435              	.LASF21:
 436 01b3 49544D5F 		.ascii	"ITM_RxBuffer\000"
 436      52784275 
 436      66666572 
 436      00
 437              	.LASF0:
 438 01c0 7369676E 		.ascii	"signed char\000"
 438      65642063 
 438      68617200 
 439              	.LASF17:
 440 01cc 6C6F6E67 		.ascii	"long double\000"
 440      20646F75 
 440      626C6500 
 441              	.LASF5:
 442 01d8 5F5F696E 		.ascii	"__int32_t\000"
 442      7433325F 
 442      7400
 443              	.LASF14:
 444 01e2 666C6F61 		.ascii	"float\000"
 444      7400
 445              	.LASF2:
 446 01e8 73686F72 		.ascii	"short int\000"
 446      7420696E 
 446      7400
 447              	.LASF25:
 448 01f2 43757374 		.ascii	"Custom_ISR_ADC\000"
 448      6F6D5F49 
 448      53525F41 
 448      444300
 449              	.LASF18:
 450 0201 73697A65 		.ascii	"sizetype\000"
 450      74797065 
 450      00
 451              		.ident	"GCC: (GNU Tools for ARM Embedded Processors) 5.4.1 20160609 (release) [ARM/embedded-5-bran
