ARM GAS  C:\Users\Susanna\AppData\Local\Temp\ccrgdkxh.s 			page 1


   1              		.syntax unified
   2              		.cpu cortex-m3
   3              		.fpu softvfp
   4              		.eabi_attribute 20, 1
   5              		.eabi_attribute 21, 1
   6              		.eabi_attribute 23, 3
   7              		.eabi_attribute 24, 1
   8              		.eabi_attribute 25, 1
   9              		.eabi_attribute 26, 1
  10              		.eabi_attribute 30, 1
  11              		.eabi_attribute 34, 1
  12              		.eabi_attribute 18, 4
  13              		.thumb
  14              		.syntax unified
  15              		.file	"main.c"
  16              		.text
  17              	.Ltext0:
  18              		.cfi_sections	.debug_frame
  19              		.section	.text.main,"ax",%progbits
  20              		.align	2
  21              		.global	main
  22              		.thumb
  23              		.thumb_func
  24              		.type	main, %function
  25              	main:
  26              	.LFB64:
  27              		.file 1 "main.c"
   1:main.c        **** /**
   2:main.c        **** * \brief Main source file for the I2C-Master project.
   3:main.c        **** *
   4:main.c        **** * In this project we set up a I2C master device with
   5:main.c        **** * to understand the I2C protocol and communicate with a
   6:main.c        **** * a I2C Slave device (LIS3DH Accelerometer).
   7:main.c        **** *
   8:main.c        **** * \author Gabriele Belotti
   9:main.c        **** * \date , 2020
  10:main.c        **** */
  11:main.c        **** 
  12:main.c        **** // Include required header files
  13:main.c        **** #include "I2C_Interface.h"
  14:main.c        **** #include "project.h"
  15:main.c        **** #include "stdio.h"
  16:main.c        **** 
  17:main.c        **** /**
  18:main.c        **** *   \brief 7-bit I2C address of the slave device.
  19:main.c        **** */
  20:main.c        **** #define LIS3DH_DEVICE_ADDRESS 0x18
  21:main.c        **** 
  22:main.c        **** /**
  23:main.c        **** *   \brief Address of the WHO AM I register
  24:main.c        **** */
  25:main.c        **** #define LIS3DH_WHO_AM_I_REG_ADDR 0x0F
  26:main.c        **** 
  27:main.c        **** /**
  28:main.c        **** *   \brief Address of the Status register
  29:main.c        **** */
  30:main.c        **** #define LIS3DH_STATUS_REG 0x27
ARM GAS  C:\Users\Susanna\AppData\Local\Temp\ccrgdkxh.s 			page 2


  31:main.c        **** 
  32:main.c        **** /**
  33:main.c        **** *   \brief Address of the Control register 1
  34:main.c        **** */
  35:main.c        **** #define LIS3DH_CTRL_REG1 0x20
  36:main.c        **** 
  37:main.c        **** /**
  38:main.c        **** *   \brief Hex value to set normal mode to the accelerator
  39:main.c        **** */
  40:main.c        **** #define LIS3DH_NORMAL_MODE_CTRL_REG1 0x57  //Normal mode, 100 Hz
  41:main.c        **** 
  42:main.c        **** 
  43:main.c        **** 
  44:main.c        **** /**
  45:main.c        **** *   \brief Address of the Control register 4
  46:main.c        **** */
  47:main.c        **** #define LIS3DH_CTRL_REG4 0x23
  48:main.c        **** 
  49:main.c        **** /**
  50:main.c        **** *   \brief Hex value to set the FSR and activate the BDU
  51:main.c        **** */
  52:main.c        **** #define LIS3DH_CTRL_REG4_BDU_ACTIVE 0x80 // [-2.0g, +2.0g] FSR
  53:main.c        **** 
  54:main.c        **** /**
  55:main.c        **** *   \brief Addresses of the Output registers 
  56:main.c        **** */
  57:main.c        **** #define LIS3DH_OUT_X_L 0x28 
  58:main.c        **** #define LIS3DH_OUT_X_H 0x29 
  59:main.c        **** #define LIS3DH_OUT_Y_L 0x2A 
  60:main.c        **** #define LIS3DH_OUT_Y_H 0x2B 
  61:main.c        **** #define LIS3DH_OUT_Z_L 0x2C 
  62:main.c        **** #define LIS3DH_OUT_Z_H 0x2D 
  63:main.c        **** 
  64:main.c        **** 
  65:main.c        **** int main(void)
  66:main.c        **** {
  28              		.loc 1 66 0
  29              		.cfi_startproc
  30              		@ args = 0, pretend = 0, frame = 80
  31              		@ frame_needed = 0, uses_anonymous_args = 0
  32 0000 10B5     		push	{r4, lr}
  33              		.cfi_def_cfa_offset 8
  34              		.cfi_offset 4, -8
  35              		.cfi_offset 14, -4
  36 0002 94B0     		sub	sp, sp, #80
  37              		.cfi_def_cfa_offset 88
  67:main.c        ****     CyGlobalIntEnable; /* Enable global interrupts. */
  38              		.loc 1 67 0
  39              		.syntax unified
  40              	@ 67 "main.c" 1
  41 0004 62B6     		CPSIE   i
  42              	@ 0 "" 2
  68:main.c        **** 
  69:main.c        ****     /* Place your initialization/startup code here (e.g. MyInst_Start()) */
  70:main.c        ****     I2C_Peripheral_Start();
  43              		.loc 1 70 0
  44              		.thumb
ARM GAS  C:\Users\Susanna\AppData\Local\Temp\ccrgdkxh.s 			page 3


  45              		.syntax unified
  46 0006 FFF7FEFF 		bl	I2C_Peripheral_Start
  47              	.LVL0:
  71:main.c        ****     UART_Debug_Start();
  48              		.loc 1 71 0
  49 000a FFF7FEFF 		bl	UART_Debug_Start
  50              	.LVL1:
  72:main.c        ****     
  73:main.c        ****     CyDelay(5); //"The boot procedure is complete about 5 milliseconds after device power-up."
  51              		.loc 1 73 0
  52 000e 0520     		movs	r0, #5
  53 0010 FFF7FEFF 		bl	CyDelay
  54              	.LVL2:
  55              	.LBB2:
  74:main.c        ****     
  75:main.c        ****     // String to print out messages on the UART
  76:main.c        ****     char message[50];
  77:main.c        **** 
  78:main.c        ****     // Check which devices are present on the I2C bus
  79:main.c        ****     for (int i = 0 ; i < 128; i++)
  56              		.loc 1 79 0
  57 0014 0024     		movs	r4, #0
  58 0016 0CE0     		b	.L2
  59              	.LVL3:
  60              	.L4:
  80:main.c        ****     {
  81:main.c        ****         if (I2C_Peripheral_IsDeviceConnected(i))
  61              		.loc 1 81 0
  62 0018 E0B2     		uxtb	r0, r4
  63 001a FFF7FEFF 		bl	I2C_Peripheral_IsDeviceConnected
  64              	.LVL4:
  65 001e 38B1     		cbz	r0, .L3
  82:main.c        ****         {
  83:main.c        ****             // print out the address is hex format
  84:main.c        ****             sprintf(message, "Device 0x%02X is connected\r\n", i);
  66              		.loc 1 84 0
  67 0020 2246     		mov	r2, r4
  68 0022 7C49     		ldr	r1, .L23
  69 0024 07A8     		add	r0, sp, #28
  70 0026 FFF7FEFF 		bl	sprintf
  71              	.LVL5:
  85:main.c        ****             UART_Debug_PutString(message); 
  72              		.loc 1 85 0
  73 002a 07A8     		add	r0, sp, #28
  74 002c FFF7FEFF 		bl	UART_Debug_PutString
  75              	.LVL6:
  76              	.L3:
  79:main.c        ****     {
  77              		.loc 1 79 0 discriminator 2
  78 0030 0134     		adds	r4, r4, #1
  79              	.LVL7:
  80              	.L2:
  79:main.c        ****     {
  81              		.loc 1 79 0 is_stmt 0 discriminator 1
  82 0032 7F2C     		cmp	r4, #127
  83 0034 F0DD     		ble	.L4
  84              	.LBE2:
ARM GAS  C:\Users\Susanna\AppData\Local\Temp\ccrgdkxh.s 			page 4


  86:main.c        ****         }
  87:main.c        ****         
  88:main.c        ****     }
  89:main.c        ****     
  90:main.c        ****     /******************************************/
  91:main.c        ****     /*            I2C Reading                 */
  92:main.c        ****     /******************************************/
  93:main.c        ****     
  94:main.c        ****     /* Read WHO AM I REGISTER register */
  95:main.c        ****     uint8_t who_am_i_reg;
  96:main.c        ****     ErrorCode error = I2C_Peripheral_ReadRegister(LIS3DH_DEVICE_ADDRESS,
  85              		.loc 1 96 0 is_stmt 1
  86 0036 0DF11B02 		add	r2, sp, #27
  87 003a 0F21     		movs	r1, #15
  88 003c 1820     		movs	r0, #24
  89 003e FFF7FEFF 		bl	I2C_Peripheral_ReadRegister
  90              	.LVL8:
  97:main.c        ****                                                   LIS3DH_WHO_AM_I_REG_ADDR, 
  98:main.c        ****                                                   &who_am_i_reg);
  99:main.c        ****     if (error == NO_ERROR)
  91              		.loc 1 99 0
  92 0042 48B9     		cbnz	r0, .L5
 100:main.c        ****     {
 101:main.c        ****         sprintf(message, "WHO AM I REG: 0x%02X [Expected: 0x33]\r\n", who_am_i_reg);
  93              		.loc 1 101 0
  94 0044 9DF81B20 		ldrb	r2, [sp, #27]	@ zero_extendqisi2
  95 0048 7349     		ldr	r1, .L23+4
  96 004a 07A8     		add	r0, sp, #28
  97              	.LVL9:
  98 004c FFF7FEFF 		bl	sprintf
  99              	.LVL10:
 102:main.c        ****         UART_Debug_PutString(message); 
 100              		.loc 1 102 0
 101 0050 07A8     		add	r0, sp, #28
 102 0052 FFF7FEFF 		bl	UART_Debug_PutString
 103              	.LVL11:
 104 0056 02E0     		b	.L6
 105              	.LVL12:
 106              	.L5:
 103:main.c        ****     }
 104:main.c        ****     else
 105:main.c        ****     {
 106:main.c        ****         UART_Debug_PutString("Error occurred during I2C comm\r\n");   
 107              		.loc 1 106 0
 108 0058 7048     		ldr	r0, .L23+8
 109              	.LVL13:
 110 005a FFF7FEFF 		bl	UART_Debug_PutString
 111              	.LVL14:
 112              	.L6:
 107:main.c        ****     }
 108:main.c        ****     
 109:main.c        ****     /*      I2C Reading Status Register       */
 110:main.c        ****     
 111:main.c        ****     uint8_t status_register; 
 112:main.c        ****     error = I2C_Peripheral_ReadRegister(LIS3DH_DEVICE_ADDRESS,
 113              		.loc 1 112 0
 114 005e 0DF11A02 		add	r2, sp, #26
ARM GAS  C:\Users\Susanna\AppData\Local\Temp\ccrgdkxh.s 			page 5


 115 0062 2721     		movs	r1, #39
 116 0064 1820     		movs	r0, #24
 117 0066 FFF7FEFF 		bl	I2C_Peripheral_ReadRegister
 118              	.LVL15:
 113:main.c        ****                                         LIS3DH_STATUS_REG,
 114:main.c        ****                                         &status_register);
 115:main.c        ****     
 116:main.c        ****     if (error == NO_ERROR)
 119              		.loc 1 116 0
 120 006a 48B9     		cbnz	r0, .L7
 117:main.c        ****     {
 118:main.c        ****         sprintf(message, "STATUS REGISTER: 0x%02X\r\n", status_register);
 121              		.loc 1 118 0
 122 006c 9DF81A20 		ldrb	r2, [sp, #26]	@ zero_extendqisi2
 123 0070 6B49     		ldr	r1, .L23+12
 124 0072 07A8     		add	r0, sp, #28
 125              	.LVL16:
 126 0074 FFF7FEFF 		bl	sprintf
 127              	.LVL17:
 119:main.c        ****         UART_Debug_PutString(message); 
 128              		.loc 1 119 0
 129 0078 07A8     		add	r0, sp, #28
 130 007a FFF7FEFF 		bl	UART_Debug_PutString
 131              	.LVL18:
 132 007e 02E0     		b	.L8
 133              	.LVL19:
 134              	.L7:
 120:main.c        ****     }
 121:main.c        ****     else
 122:main.c        ****     {
 123:main.c        ****         UART_Debug_PutString("Error occurred during I2C comm to read status register\r\n");   
 135              		.loc 1 123 0
 136 0080 6848     		ldr	r0, .L23+16
 137              	.LVL20:
 138 0082 FFF7FEFF 		bl	UART_Debug_PutString
 139              	.LVL21:
 140              	.L8:
 124:main.c        ****     }
 125:main.c        ****     
 126:main.c        ****     /******************************************/
 127:main.c        ****     /*        Read Control Register 1         */
 128:main.c        ****     /******************************************/
 129:main.c        ****     uint8_t ctrl_reg1; 
 130:main.c        ****     error = I2C_Peripheral_ReadRegister(LIS3DH_DEVICE_ADDRESS,
 141              		.loc 1 130 0
 142 0086 0DF11902 		add	r2, sp, #25
 143 008a 2021     		movs	r1, #32
 144 008c 1820     		movs	r0, #24
 145 008e FFF7FEFF 		bl	I2C_Peripheral_ReadRegister
 146              	.LVL22:
 131:main.c        ****                                         LIS3DH_CTRL_REG1,
 132:main.c        ****                                         &ctrl_reg1);
 133:main.c        ****     
 134:main.c        ****     if (error == NO_ERROR)
 147              		.loc 1 134 0
 148 0092 48B9     		cbnz	r0, .L9
 135:main.c        ****     {
ARM GAS  C:\Users\Susanna\AppData\Local\Temp\ccrgdkxh.s 			page 6


 136:main.c        ****         sprintf(message, "CONTROL REGISTER 1: 0x%02X\r\n", ctrl_reg1);
 149              		.loc 1 136 0
 150 0094 9DF81920 		ldrb	r2, [sp, #25]	@ zero_extendqisi2
 151 0098 6349     		ldr	r1, .L23+20
 152 009a 07A8     		add	r0, sp, #28
 153              	.LVL23:
 154 009c FFF7FEFF 		bl	sprintf
 155              	.LVL24:
 137:main.c        ****         UART_Debug_PutString(message); 
 156              		.loc 1 137 0
 157 00a0 07A8     		add	r0, sp, #28
 158 00a2 FFF7FEFF 		bl	UART_Debug_PutString
 159              	.LVL25:
 160 00a6 02E0     		b	.L10
 161              	.LVL26:
 162              	.L9:
 138:main.c        ****     }
 139:main.c        ****     else
 140:main.c        ****     {
 141:main.c        ****         UART_Debug_PutString("Error occurred during I2C comm to read control register 1\r\n");   
 163              		.loc 1 141 0
 164 00a8 6048     		ldr	r0, .L23+24
 165              	.LVL27:
 166 00aa FFF7FEFF 		bl	UART_Debug_PutString
 167              	.LVL28:
 168              	.L10:
 142:main.c        ****     }
 143:main.c        ****     
 144:main.c        ****     /******************************************/
 145:main.c        ****     /*            I2C Writing                 */
 146:main.c        ****     /******************************************/
 147:main.c        ****     
 148:main.c        ****         
 149:main.c        ****     UART_Debug_PutString("\r\nWriting new values..\r\n");
 169              		.loc 1 149 0
 170 00ae 6048     		ldr	r0, .L23+28
 171 00b0 FFF7FEFF 		bl	UART_Debug_PutString
 172              	.LVL29:
 150:main.c        ****     
 151:main.c        ****     if (ctrl_reg1 != LIS3DH_NORMAL_MODE_CTRL_REG1)
 173              		.loc 1 151 0
 174 00b4 9DF81930 		ldrb	r3, [sp, #25]	@ zero_extendqisi2
 175 00b8 572B     		cmp	r3, #87
 176 00ba 14D0     		beq	.L11
 152:main.c        ****     {
 153:main.c        ****         ctrl_reg1 = LIS3DH_NORMAL_MODE_CTRL_REG1;
 177              		.loc 1 153 0
 178 00bc 5722     		movs	r2, #87
 179 00be 8DF81920 		strb	r2, [sp, #25]
 154:main.c        ****     
 155:main.c        ****         error = I2C_Peripheral_WriteRegister(LIS3DH_DEVICE_ADDRESS,
 180              		.loc 1 155 0
 181 00c2 2021     		movs	r1, #32
 182 00c4 1820     		movs	r0, #24
 183 00c6 FFF7FEFF 		bl	I2C_Peripheral_WriteRegister
 184              	.LVL30:
 156:main.c        ****                                              LIS3DH_CTRL_REG1,
ARM GAS  C:\Users\Susanna\AppData\Local\Temp\ccrgdkxh.s 			page 7


 157:main.c        ****                                              ctrl_reg1);
 158:main.c        ****     
 159:main.c        ****         if (error == NO_ERROR)
 185              		.loc 1 159 0
 186 00ca 48B9     		cbnz	r0, .L12
 160:main.c        ****         {
 161:main.c        ****             sprintf(message, "CONTROL REGISTER 1 successfully written as: 0x%02X\r\n", ctrl_reg1);
 187              		.loc 1 161 0
 188 00cc 9DF81920 		ldrb	r2, [sp, #25]	@ zero_extendqisi2
 189 00d0 5849     		ldr	r1, .L23+32
 190 00d2 07A8     		add	r0, sp, #28
 191              	.LVL31:
 192 00d4 FFF7FEFF 		bl	sprintf
 193              	.LVL32:
 162:main.c        ****             UART_Debug_PutString(message); 
 194              		.loc 1 162 0
 195 00d8 07A8     		add	r0, sp, #28
 196 00da FFF7FEFF 		bl	UART_Debug_PutString
 197              	.LVL33:
 198 00de 02E0     		b	.L11
 199              	.LVL34:
 200              	.L12:
 163:main.c        ****         }
 164:main.c        ****         else
 165:main.c        ****         {
 166:main.c        ****             UART_Debug_PutString("Error occurred during I2C comm to set control register 1\r\n");  
 201              		.loc 1 166 0
 202 00e0 5548     		ldr	r0, .L23+36
 203              	.LVL35:
 204 00e2 FFF7FEFF 		bl	UART_Debug_PutString
 205              	.LVL36:
 206              	.L11:
 167:main.c        ****         }
 168:main.c        ****     }
 169:main.c        ****     
 170:main.c        ****     /******************************************/
 171:main.c        ****     /*     Read Control Register 1 again      */
 172:main.c        ****     /******************************************/
 173:main.c        **** 
 174:main.c        ****     error = I2C_Peripheral_ReadRegister(LIS3DH_DEVICE_ADDRESS,
 207              		.loc 1 174 0
 208 00e6 0DF11902 		add	r2, sp, #25
 209 00ea 2021     		movs	r1, #32
 210 00ec 1820     		movs	r0, #24
 211 00ee FFF7FEFF 		bl	I2C_Peripheral_ReadRegister
 212              	.LVL37:
 175:main.c        ****                                         LIS3DH_CTRL_REG1,
 176:main.c        ****                                         &ctrl_reg1);
 177:main.c        ****     
 178:main.c        ****     if (error == NO_ERROR)
 213              		.loc 1 178 0
 214 00f2 48B9     		cbnz	r0, .L13
 179:main.c        ****     {
 180:main.c        ****         sprintf(message, "CONTROL REGISTER 1 after overwrite operation: 0x%02X\r\n", ctrl_reg1);
 215              		.loc 1 180 0
 216 00f4 9DF81920 		ldrb	r2, [sp, #25]	@ zero_extendqisi2
 217 00f8 5049     		ldr	r1, .L23+40
ARM GAS  C:\Users\Susanna\AppData\Local\Temp\ccrgdkxh.s 			page 8


 218 00fa 07A8     		add	r0, sp, #28
 219              	.LVL38:
 220 00fc FFF7FEFF 		bl	sprintf
 221              	.LVL39:
 181:main.c        ****         UART_Debug_PutString(message); 
 222              		.loc 1 181 0
 223 0100 07A8     		add	r0, sp, #28
 224 0102 FFF7FEFF 		bl	UART_Debug_PutString
 225              	.LVL40:
 226 0106 02E0     		b	.L14
 227              	.LVL41:
 228              	.L13:
 182:main.c        ****     }
 183:main.c        ****     else
 184:main.c        ****     {
 185:main.c        ****         UART_Debug_PutString("Error occurred during I2C comm to read control register 1\r\n");   
 229              		.loc 1 185 0
 230 0108 4848     		ldr	r0, .L23+24
 231              	.LVL42:
 232 010a FFF7FEFF 		bl	UART_Debug_PutString
 233              	.LVL43:
 234              	.L14:
 186:main.c        ****     }
 187:main.c        ****     
 188:main.c        ****      /******************************************/
 189:main.c        ****      /* I2C Reading Temperature sensor CFG reg */
 190:main.c        ****      /******************************************/
 191:main.c        **** 
 192:main.c        ****     
 193:main.c        ****     
 194:main.c        ****     uint8_t ctrl_reg4;
 195:main.c        **** 
 196:main.c        ****     error = I2C_Peripheral_ReadRegister(LIS3DH_DEVICE_ADDRESS,
 235              		.loc 1 196 0
 236 010e 06AA     		add	r2, sp, #24
 237 0110 2321     		movs	r1, #35
 238 0112 1820     		movs	r0, #24
 239 0114 FFF7FEFF 		bl	I2C_Peripheral_ReadRegister
 240              	.LVL44:
 197:main.c        ****                                         LIS3DH_CTRL_REG4,
 198:main.c        ****                                         &ctrl_reg4);
 199:main.c        ****     
 200:main.c        ****     if (error == NO_ERROR)
 241              		.loc 1 200 0
 242 0118 48B9     		cbnz	r0, .L15
 201:main.c        ****     {
 202:main.c        ****         sprintf(message, "CONTROL REGISTER 4: 0x%02X\r\n", ctrl_reg4);
 243              		.loc 1 202 0
 244 011a 9DF81820 		ldrb	r2, [sp, #24]	@ zero_extendqisi2
 245 011e 4849     		ldr	r1, .L23+44
 246 0120 07A8     		add	r0, sp, #28
 247              	.LVL45:
 248 0122 FFF7FEFF 		bl	sprintf
 249              	.LVL46:
 203:main.c        ****         UART_Debug_PutString(message); 
 250              		.loc 1 203 0
 251 0126 07A8     		add	r0, sp, #28
ARM GAS  C:\Users\Susanna\AppData\Local\Temp\ccrgdkxh.s 			page 9


 252 0128 FFF7FEFF 		bl	UART_Debug_PutString
 253              	.LVL47:
 254 012c 02E0     		b	.L16
 255              	.LVL48:
 256              	.L15:
 204:main.c        ****     }
 205:main.c        ****     else
 206:main.c        ****     {
 207:main.c        ****         UART_Debug_PutString("Error occurred during I2C comm to read control register4\r\n");   
 257              		.loc 1 207 0
 258 012e 4548     		ldr	r0, .L23+48
 259              	.LVL49:
 260 0130 FFF7FEFF 		bl	UART_Debug_PutString
 261              	.LVL50:
 262              	.L16:
 208:main.c        ****     }
 209:main.c        ****     
 210:main.c        ****     
 211:main.c        ****     ctrl_reg4 = LIS3DH_CTRL_REG4_BDU_ACTIVE; // must be changed to the appropriate value
 263              		.loc 1 211 0
 264 0134 8022     		movs	r2, #128
 265 0136 14AC     		add	r4, sp, #80
 266              	.LVL51:
 267 0138 04F8382D 		strb	r2, [r4, #-56]!
 212:main.c        ****     
 213:main.c        ****     error = I2C_Peripheral_WriteRegister(LIS3DH_DEVICE_ADDRESS,
 268              		.loc 1 213 0
 269 013c 2321     		movs	r1, #35
 270 013e 1820     		movs	r0, #24
 271 0140 FFF7FEFF 		bl	I2C_Peripheral_WriteRegister
 272              	.LVL52:
 214:main.c        ****                                          LIS3DH_CTRL_REG4,
 215:main.c        ****                                          ctrl_reg4);
 216:main.c        ****     
 217:main.c        ****     error = I2C_Peripheral_ReadRegister(LIS3DH_DEVICE_ADDRESS,
 273              		.loc 1 217 0
 274 0144 2246     		mov	r2, r4
 275 0146 2321     		movs	r1, #35
 276 0148 1820     		movs	r0, #24
 277 014a FFF7FEFF 		bl	I2C_Peripheral_ReadRegister
 278              	.LVL53:
 218:main.c        ****                                         LIS3DH_CTRL_REG4,
 219:main.c        ****                                         &ctrl_reg4);
 220:main.c        ****     
 221:main.c        ****     
 222:main.c        ****     if (error == NO_ERROR)
 279              		.loc 1 222 0
 280 014e 48B9     		cbnz	r0, .L17
 223:main.c        ****     {
 224:main.c        ****         sprintf(message, "CONTROL REGISTER 4 after being updated: 0x%02X\r\n", ctrl_reg4);
 281              		.loc 1 224 0
 282 0150 9DF81820 		ldrb	r2, [sp, #24]	@ zero_extendqisi2
 283 0154 3C49     		ldr	r1, .L23+52
 284 0156 07A8     		add	r0, sp, #28
 285              	.LVL54:
 286 0158 FFF7FEFF 		bl	sprintf
 287              	.LVL55:
ARM GAS  C:\Users\Susanna\AppData\Local\Temp\ccrgdkxh.s 			page 10


 225:main.c        ****         UART_Debug_PutString(message); 
 288              		.loc 1 225 0
 289 015c 07A8     		add	r0, sp, #28
 290 015e FFF7FEFF 		bl	UART_Debug_PutString
 291              	.LVL56:
 292 0162 02E0     		b	.L18
 293              	.LVL57:
 294              	.L17:
 226:main.c        ****     }
 227:main.c        ****     else
 228:main.c        ****     {
 229:main.c        ****         UART_Debug_PutString("Error occurred during I2C comm to read control register4\r\n");   
 295              		.loc 1 229 0
 296 0164 3748     		ldr	r0, .L23+48
 297              	.LVL58:
 298 0166 FFF7FEFF 		bl	UART_Debug_PutString
 299              	.LVL59:
 300              	.L18:
 230:main.c        ****     }
 231:main.c        ****     
 232:main.c        ****     int16_t Out_accX;
 233:main.c        ****     int16_t Out_accY;
 234:main.c        ****     int16_t Out_accZ;
 235:main.c        ****     uint8_t header = 0xA0;
 236:main.c        ****     uint8_t footer = 0xC0;
 237:main.c        ****     uint8_t OutArray[8]; 
 238:main.c        ****     uint8_t accX[2];
 239:main.c        ****     uint8_t accY[2];
 240:main.c        ****     uint8_t accZ[2];
 241:main.c        ****     
 242:main.c        ****     OutArray[0] = header;
 301              		.loc 1 242 0
 302 016a A023     		movs	r3, #160
 303 016c 8DF81030 		strb	r3, [sp, #16]
 243:main.c        ****     OutArray[7] = footer;
 304              		.loc 1 243 0
 305 0170 C023     		movs	r3, #192
 306 0172 8DF81730 		strb	r3, [sp, #23]
 307              	.L19:
 244:main.c        ****     
 245:main.c        ****     for(;;)
 246:main.c        ****     {
 247:main.c        ****         CyDelay(100);
 308              		.loc 1 247 0
 309 0176 6420     		movs	r0, #100
 310 0178 FFF7FEFF 		bl	CyDelay
 311              	.LVL60:
 248:main.c        ****         if(status_register & 3)
 312              		.loc 1 248 0
 313 017c 9DF81A30 		ldrb	r3, [sp, #26]	@ zero_extendqisi2
 314 0180 13F0030F 		tst	r3, #3
 315 0184 F7D0     		beq	.L19
 249:main.c        ****         {
 250:main.c        ****         error = I2C_Peripheral_ReadRegisterMulti(LIS3DH_DEVICE_ADDRESS,
 316              		.loc 1 250 0
 317 0186 03AB     		add	r3, sp, #12
 318 0188 0222     		movs	r2, #2
ARM GAS  C:\Users\Susanna\AppData\Local\Temp\ccrgdkxh.s 			page 11


 319 018a 2821     		movs	r1, #40
 320 018c 1820     		movs	r0, #24
 321 018e FFF7FEFF 		bl	I2C_Peripheral_ReadRegisterMulti
 322              	.LVL61:
 251:main.c        ****                                                  LIS3DH_OUT_X_L,2,
 252:main.c        ****                                                  &accX[0]);
 253:main.c        ****         
 254:main.c        ****         error = I2C_Peripheral_ReadRegisterMulti(LIS3DH_DEVICE_ADDRESS,
 323              		.loc 1 254 0
 324 0192 02AB     		add	r3, sp, #8
 325 0194 0222     		movs	r2, #2
 326 0196 2A21     		movs	r1, #42
 327 0198 1820     		movs	r0, #24
 328 019a FFF7FEFF 		bl	I2C_Peripheral_ReadRegisterMulti
 329              	.LVL62:
 255:main.c        ****                                                  LIS3DH_OUT_Y_L,2,
 256:main.c        ****                                                  &accY[0]);
 257:main.c        ****         
 258:main.c        ****         error = I2C_Peripheral_ReadRegisterMulti(LIS3DH_DEVICE_ADDRESS,
 330              		.loc 1 258 0
 331 019e 01AB     		add	r3, sp, #4
 332 01a0 0222     		movs	r2, #2
 333 01a2 2C21     		movs	r1, #44
 334 01a4 1820     		movs	r0, #24
 335 01a6 FFF7FEFF 		bl	I2C_Peripheral_ReadRegisterMulti
 336              	.LVL63:
 259:main.c        ****                                                  LIS3DH_OUT_Z_L,2,
 260:main.c        ****                                                  &accZ[0]);
 261:main.c        ****             if(error == NO_ERROR)
 337              		.loc 1 261 0
 338 01aa 0028     		cmp	r0, #0
 339 01ac E3D1     		bne	.L19
 262:main.c        ****             {
 263:main.c        ****                 Out_accX = (int16)((accX[0] | (accX[1]<<8)))>>6;
 340              		.loc 1 263 0
 341 01ae 9DF80C30 		ldrb	r3, [sp, #12]	@ zero_extendqisi2
 342 01b2 9DF80D20 		ldrb	r2, [sp, #13]	@ zero_extendqisi2
 343 01b6 43EA0223 		orr	r3, r3, r2, lsl #8
 344 01ba 43F38913 		sbfx	r3, r3, #6, #10
 345              	.LVL64:
 264:main.c        ****                 Out_accX=Out_accX*4;   //scaling to mg (sensitivity=4mg/digit)
 346              		.loc 1 264 0
 347 01be 9B00     		lsls	r3, r3, #2
 348              	.LVL65:
 349 01c0 9BB2     		uxth	r3, r3
 350              	.LVL66:
 265:main.c        ****                 OutArray[1] = (uint8_t)(Out_accX & 0xFF);
 351              		.loc 1 265 0
 352 01c2 8DF81130 		strb	r3, [sp, #17]
 266:main.c        ****                 OutArray[2] = (uint8_t)(Out_accX >> 8);
 353              		.loc 1 266 0
 354 01c6 1B0A     		lsrs	r3, r3, #8
 355              	.LVL67:
 356 01c8 8DF81230 		strb	r3, [sp, #18]
 267:main.c        ****                 
 268:main.c        ****                 Out_accY = (int16)((accY[0] | (accY[1]<<8)))>>6;
 357              		.loc 1 268 0
ARM GAS  C:\Users\Susanna\AppData\Local\Temp\ccrgdkxh.s 			page 12


 358 01cc 9DF80830 		ldrb	r3, [sp, #8]	@ zero_extendqisi2
 359 01d0 9DF80920 		ldrb	r2, [sp, #9]	@ zero_extendqisi2
 360              	.LVL68:
 361 01d4 43EA0223 		orr	r3, r3, r2, lsl #8
 362 01d8 43F38913 		sbfx	r3, r3, #6, #10
 363              	.LVL69:
 269:main.c        ****                 Out_accY=Out_accY*4;   //scaling to mg (sensitivity=4mg/digit)
 364              		.loc 1 269 0
 365 01dc 9B00     		lsls	r3, r3, #2
 366              	.LVL70:
 367 01de 9BB2     		uxth	r3, r3
 368              	.LVL71:
 270:main.c        ****                 OutArray[3] = (uint8_t)(Out_accY & 0xFF);
 369              		.loc 1 270 0
 370 01e0 8DF81330 		strb	r3, [sp, #19]
 271:main.c        ****                 OutArray[4] = (uint8_t)(Out_accY >> 8);
 371              		.loc 1 271 0
 372 01e4 1B0A     		lsrs	r3, r3, #8
 373              	.LVL72:
 374 01e6 8DF81430 		strb	r3, [sp, #20]
 272:main.c        ****                
 273:main.c        ****                 Out_accZ = (int16)((accZ[0] | (accZ[1]<<8)))>>6;
 375              		.loc 1 273 0
 376 01ea 9DF80430 		ldrb	r3, [sp, #4]	@ zero_extendqisi2
 377 01ee 9DF80520 		ldrb	r2, [sp, #5]	@ zero_extendqisi2
 378              	.LVL73:
 379 01f2 43EA0223 		orr	r3, r3, r2, lsl #8
 380 01f6 43F38913 		sbfx	r3, r3, #6, #10
 381              	.LVL74:
 274:main.c        ****                 Out_accZ=Out_accZ*4;   //scaling to mg (sensitivity=4mg/digit)
 382              		.loc 1 274 0
 383 01fa 9B00     		lsls	r3, r3, #2
 384              	.LVL75:
 385 01fc 9BB2     		uxth	r3, r3
 386              	.LVL76:
 275:main.c        ****                 OutArray[5] = (uint8_t)(Out_accZ & 0xFF);
 387              		.loc 1 275 0
 388 01fe 8DF81530 		strb	r3, [sp, #21]
 276:main.c        ****                 OutArray[6] = (uint8_t)(Out_accZ >> 8);
 389              		.loc 1 276 0
 390 0202 1B0A     		lsrs	r3, r3, #8
 391              	.LVL77:
 392 0204 8DF81630 		strb	r3, [sp, #22]
 277:main.c        ****                 
 278:main.c        ****                 UART_Debug_PutArray(OutArray, 8);
 393              		.loc 1 278 0
 394 0208 0821     		movs	r1, #8
 395 020a 04A8     		add	r0, sp, #16
 396              	.LVL78:
 397 020c FFF7FEFF 		bl	UART_Debug_PutArray
 398              	.LVL79:
 399 0210 B1E7     		b	.L19
 400              	.L24:
 401 0212 00BF     		.align	2
 402              	.L23:
 403 0214 00000000 		.word	.LC0
 404 0218 20000000 		.word	.LC1
ARM GAS  C:\Users\Susanna\AppData\Local\Temp\ccrgdkxh.s 			page 13


 405 021c 48000000 		.word	.LC2
 406 0220 6C000000 		.word	.LC3
 407 0224 88000000 		.word	.LC4
 408 0228 C4000000 		.word	.LC5
 409 022c E4000000 		.word	.LC6
 410 0230 20010000 		.word	.LC7
 411 0234 3C010000 		.word	.LC8
 412 0238 74010000 		.word	.LC9
 413 023c B0010000 		.word	.LC10
 414 0240 E8010000 		.word	.LC11
 415 0244 08020000 		.word	.LC12
 416 0248 44020000 		.word	.LC13
 417              		.cfi_endproc
 418              	.LFE64:
 419              		.size	main, .-main
 420              		.section	.rodata.str1.4,"aMS",%progbits,1
 421              		.align	2
 422              	.LC0:
 423 0000 44657669 		.ascii	"Device 0x%02X is connected\015\012\000"
 423      63652030 
 423      78253032 
 423      58206973 
 423      20636F6E 
 424 001d 000000   		.space	3
 425              	.LC1:
 426 0020 57484F20 		.ascii	"WHO AM I REG: 0x%02X [Expected: 0x33]\015\012\000"
 426      414D2049 
 426      20524547 
 426      3A203078 
 426      25303258 
 427              	.LC2:
 428 0048 4572726F 		.ascii	"Error occurred during I2C comm\015\012\000"
 428      72206F63 
 428      63757272 
 428      65642064 
 428      7572696E 
 429 0069 000000   		.space	3
 430              	.LC3:
 431 006c 53544154 		.ascii	"STATUS REGISTER: 0x%02X\015\012\000"
 431      55532052 
 431      45474953 
 431      5445523A 
 431      20307825 
 432 0086 0000     		.space	2
 433              	.LC4:
 434 0088 4572726F 		.ascii	"Error occurred during I2C comm to read status regis"
 434      72206F63 
 434      63757272 
 434      65642064 
 434      7572696E 
 435 00bb 7465720D 		.ascii	"ter\015\012\000"
 435      0A00
 436 00c1 000000   		.space	3
 437              	.LC5:
 438 00c4 434F4E54 		.ascii	"CONTROL REGISTER 1: 0x%02X\015\012\000"
 438      524F4C20 
 438      52454749 
ARM GAS  C:\Users\Susanna\AppData\Local\Temp\ccrgdkxh.s 			page 14


 438      53544552 
 438      20313A20 
 439 00e1 000000   		.space	3
 440              	.LC6:
 441 00e4 4572726F 		.ascii	"Error occurred during I2C comm to read control regi"
 441      72206F63 
 441      63757272 
 441      65642064 
 441      7572696E 
 442 0117 73746572 		.ascii	"ster 1\015\012\000"
 442      20310D0A 
 442      00
 443              	.LC7:
 444 0120 0D0A5772 		.ascii	"\015\012Writing new values..\015\012\000"
 444      6974696E 
 444      67206E65 
 444      77207661 
 444      6C756573 
 445 0139 000000   		.space	3
 446              	.LC8:
 447 013c 434F4E54 		.ascii	"CONTROL REGISTER 1 successfully written as: 0x%02X\015"
 447      524F4C20 
 447      52454749 
 447      53544552 
 447      20312073 
 448 016f 0A00     		.ascii	"\012\000"
 449 0171 000000   		.space	3
 450              	.LC9:
 451 0174 4572726F 		.ascii	"Error occurred during I2C comm to set control regis"
 451      72206F63 
 451      63757272 
 451      65642064 
 451      7572696E 
 452 01a7 74657220 		.ascii	"ter 1\015\012\000"
 452      310D0A00 
 453 01af 00       		.space	1
 454              	.LC10:
 455 01b0 434F4E54 		.ascii	"CONTROL REGISTER 1 after overwrite operation: 0x%02"
 455      524F4C20 
 455      52454749 
 455      53544552 
 455      20312061 
 456 01e3 580D0A00 		.ascii	"X\015\012\000"
 457 01e7 00       		.space	1
 458              	.LC11:
 459 01e8 434F4E54 		.ascii	"CONTROL REGISTER 4: 0x%02X\015\012\000"
 459      524F4C20 
 459      52454749 
 459      53544552 
 459      20343A20 
 460 0205 000000   		.space	3
 461              	.LC12:
 462 0208 4572726F 		.ascii	"Error occurred during I2C comm to read control regi"
 462      72206F63 
 462      63757272 
 462      65642064 
 462      7572696E 
ARM GAS  C:\Users\Susanna\AppData\Local\Temp\ccrgdkxh.s 			page 15


 463 023b 73746572 		.ascii	"ster4\015\012\000"
 463      340D0A00 
 464 0243 00       		.space	1
 465              	.LC13:
 466 0244 434F4E54 		.ascii	"CONTROL REGISTER 4 after being updated: 0x%02X\015\012"
 466      524F4C20 
 466      52454749 
 466      53544552 
 466      20342061 
 467 0274 00       		.ascii	"\000"
 468              		.text
 469              	.Letext0:
 470              		.file 2 "c:\\program files (x86)\\cypress\\psoc creator\\4.3\\psoc creator\\import\\gnu\\arm\\5.4.
 471              		.file 3 "c:\\program files (x86)\\cypress\\psoc creator\\4.3\\psoc creator\\import\\gnu\\arm\\5.4.
 472              		.file 4 "Generated_Source\\PSoC5/cytypes.h"
 473              		.file 5 "ErrorCodes.h"
 474              		.file 6 "I2C_Interface.h"
 475              		.file 7 "c:\\program files (x86)\\cypress\\psoc creator\\4.3\\psoc creator\\import\\gnu\\arm\\5.4.
 476              		.file 8 "Generated_Source\\PSoC5/UART_Debug.h"
 477              		.file 9 "Generated_Source\\PSoC5/CyLib.h"
 478              		.file 10 "Generated_Source\\PSoC5/core_cm3.h"
 479              		.section	.debug_info,"",%progbits
 480              	.Ldebug_info0:
 481 0000 C3060000 		.4byte	0x6c3
 482 0004 0400     		.2byte	0x4
 483 0006 00000000 		.4byte	.Ldebug_abbrev0
 484 000a 04       		.byte	0x4
 485 000b 01       		.uleb128 0x1
 486 000c E1000000 		.4byte	.LASF49
 487 0010 0C       		.byte	0xc
 488 0011 BB020000 		.4byte	.LASF50
 489 0015 59000000 		.4byte	.LASF51
 490 0019 00000000 		.4byte	.Ldebug_ranges0+0
 491 001d 00000000 		.4byte	0
 492 0021 00000000 		.4byte	.Ldebug_line0
 493 0025 02       		.uleb128 0x2
 494 0026 01       		.byte	0x1
 495 0027 06       		.byte	0x6
 496 0028 08030000 		.4byte	.LASF0
 497 002c 03       		.uleb128 0x3
 498 002d 0F000000 		.4byte	.LASF2
 499 0031 02       		.byte	0x2
 500 0032 1D       		.byte	0x1d
 501 0033 37000000 		.4byte	0x37
 502 0037 02       		.uleb128 0x2
 503 0038 01       		.byte	0x1
 504 0039 08       		.byte	0x8
 505 003a BE010000 		.4byte	.LASF1
 506 003e 03       		.uleb128 0x3
 507 003f 11020000 		.4byte	.LASF3
 508 0043 02       		.byte	0x2
 509 0044 29       		.byte	0x29
 510 0045 49000000 		.4byte	0x49
 511 0049 02       		.uleb128 0x2
 512 004a 02       		.byte	0x2
 513 004b 05       		.byte	0x5
 514 004c E3020000 		.4byte	.LASF4
ARM GAS  C:\Users\Susanna\AppData\Local\Temp\ccrgdkxh.s 			page 16


 515 0050 02       		.uleb128 0x2
 516 0051 02       		.byte	0x2
 517 0052 07       		.byte	0x7
 518 0053 87010000 		.4byte	.LASF5
 519 0057 03       		.uleb128 0x3
 520 0058 4F000000 		.4byte	.LASF6
 521 005c 02       		.byte	0x2
 522 005d 3F       		.byte	0x3f
 523 005e 62000000 		.4byte	0x62
 524 0062 02       		.uleb128 0x2
 525 0063 04       		.byte	0x4
 526 0064 05       		.byte	0x5
 527 0065 9E000000 		.4byte	.LASF7
 528 0069 02       		.uleb128 0x2
 529 006a 04       		.byte	0x4
 530 006b 07       		.byte	0x7
 531 006c 75010000 		.4byte	.LASF8
 532 0070 02       		.uleb128 0x2
 533 0071 08       		.byte	0x8
 534 0072 05       		.byte	0x5
 535 0073 9C020000 		.4byte	.LASF9
 536 0077 02       		.uleb128 0x2
 537 0078 08       		.byte	0x8
 538 0079 07       		.byte	0x7
 539 007a 41020000 		.4byte	.LASF10
 540 007e 04       		.uleb128 0x4
 541 007f 04       		.byte	0x4
 542 0080 05       		.byte	0x5
 543 0081 696E7400 		.ascii	"int\000"
 544 0085 02       		.uleb128 0x2
 545 0086 04       		.byte	0x4
 546 0087 07       		.byte	0x7
 547 0088 34020000 		.4byte	.LASF11
 548 008c 03       		.uleb128 0x3
 549 008d 58020000 		.4byte	.LASF12
 550 0091 03       		.byte	0x3
 551 0092 18       		.byte	0x18
 552 0093 2C000000 		.4byte	0x2c
 553 0097 03       		.uleb128 0x3
 554 0098 60020000 		.4byte	.LASF13
 555 009c 03       		.byte	0x3
 556 009d 20       		.byte	0x20
 557 009e 3E000000 		.4byte	0x3e
 558 00a2 03       		.uleb128 0x3
 559 00a3 85020000 		.4byte	.LASF14
 560 00a7 03       		.byte	0x3
 561 00a8 2C       		.byte	0x2c
 562 00a9 57000000 		.4byte	0x57
 563 00ad 05       		.uleb128 0x5
 564 00ae 6F010000 		.4byte	.LASF15
 565 00b2 04       		.byte	0x4
 566 00b3 E801     		.2byte	0x1e8
 567 00b5 49000000 		.4byte	0x49
 568 00b9 02       		.uleb128 0x2
 569 00ba 04       		.byte	0x4
 570 00bb 04       		.byte	0x4
 571 00bc CC000000 		.4byte	.LASF16
ARM GAS  C:\Users\Susanna\AppData\Local\Temp\ccrgdkxh.s 			page 17


 572 00c0 02       		.uleb128 0x2
 573 00c1 08       		.byte	0x8
 574 00c2 04       		.byte	0x4
 575 00c3 C5000000 		.4byte	.LASF17
 576 00c7 02       		.uleb128 0x2
 577 00c8 01       		.byte	0x1
 578 00c9 08       		.byte	0x8
 579 00ca C2020000 		.4byte	.LASF18
 580 00ce 06       		.uleb128 0x6
 581 00cf 01       		.byte	0x1
 582 00d0 37000000 		.4byte	0x37
 583 00d4 05       		.byte	0x5
 584 00d5 15       		.byte	0x15
 585 00d6 E7000000 		.4byte	0xe7
 586 00da 07       		.uleb128 0x7
 587 00db ED020000 		.4byte	.LASF19
 588 00df 00       		.byte	0
 589 00e0 07       		.uleb128 0x7
 590 00e1 F6020000 		.4byte	.LASF20
 591 00e5 01       		.byte	0x1
 592 00e6 00       		.byte	0
 593 00e7 03       		.uleb128 0x3
 594 00e8 BB000000 		.4byte	.LASF21
 595 00ec 05       		.byte	0x5
 596 00ed 18       		.byte	0x18
 597 00ee CE000000 		.4byte	0xce
 598 00f2 02       		.uleb128 0x2
 599 00f3 08       		.byte	0x8
 600 00f4 04       		.byte	0x4
 601 00f5 FC020000 		.4byte	.LASF22
 602 00f9 02       		.uleb128 0x2
 603 00fa 04       		.byte	0x4
 604 00fb 07       		.byte	0x7
 605 00fc 8D020000 		.4byte	.LASF23
 606 0100 08       		.uleb128 0x8
 607 0101 25020000 		.4byte	.LASF52
 608 0105 01       		.byte	0x1
 609 0106 41       		.byte	0x41
 610 0107 7E000000 		.4byte	0x7e
 611 010b 00000000 		.4byte	.LFB64
 612 010f 4C020000 		.4byte	.LFE64-.LFB64
 613 0113 01       		.uleb128 0x1
 614 0114 9C       		.byte	0x9c
 615 0115 17060000 		.4byte	0x617
 616 0119 09       		.uleb128 0x9
 617 011a 00000000 		.4byte	.LASF24
 618 011e 01       		.byte	0x1
 619 011f 4C       		.byte	0x4c
 620 0120 17060000 		.4byte	0x617
 621 0124 02       		.uleb128 0x2
 622 0125 91       		.byte	0x91
 623 0126 44       		.sleb128 -60
 624 0127 09       		.uleb128 0x9
 625 0128 14030000 		.4byte	.LASF25
 626 012c 01       		.byte	0x1
 627 012d 5F       		.byte	0x5f
 628 012e 8C000000 		.4byte	0x8c
ARM GAS  C:\Users\Susanna\AppData\Local\Temp\ccrgdkxh.s 			page 18


 629 0132 02       		.uleb128 0x2
 630 0133 91       		.byte	0x91
 631 0134 43       		.sleb128 -61
 632 0135 0A       		.uleb128 0xa
 633 0136 96020000 		.4byte	.LASF26
 634 013a 01       		.byte	0x1
 635 013b 60       		.byte	0x60
 636 013c E7000000 		.4byte	0xe7
 637 0140 00000000 		.4byte	.LLST0
 638 0144 09       		.uleb128 0x9
 639 0145 75020000 		.4byte	.LASF27
 640 0149 01       		.byte	0x1
 641 014a 6F       		.byte	0x6f
 642 014b 8C000000 		.4byte	0x8c
 643 014f 02       		.uleb128 0x2
 644 0150 91       		.byte	0x91
 645 0151 42       		.sleb128 -62
 646 0152 09       		.uleb128 0x9
 647 0153 1B020000 		.4byte	.LASF28
 648 0157 01       		.byte	0x1
 649 0158 81       		.byte	0x81
 650 0159 8C000000 		.4byte	0x8c
 651 015d 02       		.uleb128 0x2
 652 015e 91       		.byte	0x91
 653 015f 41       		.sleb128 -63
 654 0160 09       		.uleb128 0x9
 655 0161 2A020000 		.4byte	.LASF29
 656 0165 01       		.byte	0x1
 657 0166 C2       		.byte	0xc2
 658 0167 8C000000 		.4byte	0x8c
 659 016b 02       		.uleb128 0x2
 660 016c 91       		.byte	0x91
 661 016d 40       		.sleb128 -64
 662 016e 0A       		.uleb128 0xa
 663 016f F6010000 		.4byte	.LASF30
 664 0173 01       		.byte	0x1
 665 0174 E8       		.byte	0xe8
 666 0175 97000000 		.4byte	0x97
 667 0179 AD000000 		.4byte	.LLST1
 668 017d 0A       		.uleb128 0xa
 669 017e FF010000 		.4byte	.LASF31
 670 0182 01       		.byte	0x1
 671 0183 E9       		.byte	0xe9
 672 0184 97000000 		.4byte	0x97
 673 0188 2F010000 		.4byte	.LLST2
 674 018c 0A       		.uleb128 0xa
 675 018d 08020000 		.4byte	.LASF32
 676 0191 01       		.byte	0x1
 677 0192 EA       		.byte	0xea
 678 0193 97000000 		.4byte	0x97
 679 0197 B1010000 		.4byte	.LLST3
 680 019b 0B       		.uleb128 0xb
 681 019c 08000000 		.4byte	.LASF33
 682 01a0 01       		.byte	0x1
 683 01a1 EB       		.byte	0xeb
 684 01a2 8C000000 		.4byte	0x8c
 685 01a6 A07F     		.sleb128 -96
ARM GAS  C:\Users\Susanna\AppData\Local\Temp\ccrgdkxh.s 			page 19


 686 01a8 0B       		.uleb128 0xb
 687 01a9 B7010000 		.4byte	.LASF34
 688 01ad 01       		.byte	0x1
 689 01ae EC       		.byte	0xec
 690 01af 8C000000 		.4byte	0x8c
 691 01b3 40       		.sleb128 -64
 692 01b4 09       		.uleb128 0x9
 693 01b5 CC010000 		.4byte	.LASF35
 694 01b9 01       		.byte	0x1
 695 01ba ED       		.byte	0xed
 696 01bb 27060000 		.4byte	0x627
 697 01bf 03       		.uleb128 0x3
 698 01c0 91       		.byte	0x91
 699 01c1 B87F     		.sleb128 -72
 700 01c3 09       		.uleb128 0x9
 701 01c4 D2000000 		.4byte	.LASF36
 702 01c8 01       		.byte	0x1
 703 01c9 EE       		.byte	0xee
 704 01ca 37060000 		.4byte	0x637
 705 01ce 03       		.uleb128 0x3
 706 01cf 91       		.byte	0x91
 707 01d0 B47F     		.sleb128 -76
 708 01d2 09       		.uleb128 0x9
 709 01d3 D7000000 		.4byte	.LASF37
 710 01d7 01       		.byte	0x1
 711 01d8 EF       		.byte	0xef
 712 01d9 37060000 		.4byte	0x637
 713 01dd 03       		.uleb128 0x3
 714 01de 91       		.byte	0x91
 715 01df B07F     		.sleb128 -80
 716 01e1 09       		.uleb128 0x9
 717 01e2 DC000000 		.4byte	.LASF38
 718 01e6 01       		.byte	0x1
 719 01e7 F0       		.byte	0xf0
 720 01e8 37060000 		.4byte	0x637
 721 01ec 03       		.uleb128 0x3
 722 01ed 91       		.byte	0x91
 723 01ee AC7F     		.sleb128 -84
 724 01f0 0C       		.uleb128 0xc
 725 01f1 14000000 		.4byte	.LBB2
 726 01f5 22000000 		.4byte	.LBE2-.LBB2
 727 01f9 52020000 		.4byte	0x252
 728 01fd 0D       		.uleb128 0xd
 729 01fe 6900     		.ascii	"i\000"
 730 0200 01       		.byte	0x1
 731 0201 4F       		.byte	0x4f
 732 0202 7E000000 		.4byte	0x7e
 733 0206 0D020000 		.4byte	.LLST4
 734 020a 0E       		.uleb128 0xe
 735 020b 1E000000 		.4byte	.LVL4
 736 020f 58060000 		.4byte	0x658
 737 0213 1E020000 		.4byte	0x21e
 738 0217 0F       		.uleb128 0xf
 739 0218 01       		.uleb128 0x1
 740 0219 50       		.byte	0x50
 741 021a 02       		.uleb128 0x2
 742 021b 74       		.byte	0x74
ARM GAS  C:\Users\Susanna\AppData\Local\Temp\ccrgdkxh.s 			page 20


 743 021c 00       		.sleb128 0
 744 021d 00       		.byte	0
 745 021e 0E       		.uleb128 0xe
 746 021f 2A000000 		.4byte	.LVL5
 747 0223 63060000 		.4byte	0x663
 748 0227 41020000 		.4byte	0x241
 749 022b 0F       		.uleb128 0xf
 750 022c 01       		.uleb128 0x1
 751 022d 50       		.byte	0x50
 752 022e 02       		.uleb128 0x2
 753 022f 91       		.byte	0x91
 754 0230 44       		.sleb128 -60
 755 0231 0F       		.uleb128 0xf
 756 0232 01       		.uleb128 0x1
 757 0233 51       		.byte	0x51
 758 0234 05       		.uleb128 0x5
 759 0235 03       		.byte	0x3
 760 0236 00000000 		.4byte	.LC0
 761 023a 0F       		.uleb128 0xf
 762 023b 01       		.uleb128 0x1
 763 023c 52       		.byte	0x52
 764 023d 02       		.uleb128 0x2
 765 023e 74       		.byte	0x74
 766 023f 00       		.sleb128 0
 767 0240 00       		.byte	0
 768 0241 10       		.uleb128 0x10
 769 0242 30000000 		.4byte	.LVL6
 770 0246 6E060000 		.4byte	0x66e
 771 024a 0F       		.uleb128 0xf
 772 024b 01       		.uleb128 0x1
 773 024c 50       		.byte	0x50
 774 024d 02       		.uleb128 0x2
 775 024e 91       		.byte	0x91
 776 024f 44       		.sleb128 -60
 777 0250 00       		.byte	0
 778 0251 00       		.byte	0
 779 0252 11       		.uleb128 0x11
 780 0253 0A000000 		.4byte	.LVL0
 781 0257 79060000 		.4byte	0x679
 782 025b 11       		.uleb128 0x11
 783 025c 0E000000 		.4byte	.LVL1
 784 0260 84060000 		.4byte	0x684
 785 0264 0E       		.uleb128 0xe
 786 0265 14000000 		.4byte	.LVL2
 787 0269 8F060000 		.4byte	0x68f
 788 026d 77020000 		.4byte	0x277
 789 0271 0F       		.uleb128 0xf
 790 0272 01       		.uleb128 0x1
 791 0273 50       		.byte	0x50
 792 0274 01       		.uleb128 0x1
 793 0275 35       		.byte	0x35
 794 0276 00       		.byte	0
 795 0277 0E       		.uleb128 0xe
 796 0278 42000000 		.4byte	.LVL8
 797 027c 9A060000 		.4byte	0x69a
 798 0280 95020000 		.4byte	0x295
 799 0284 0F       		.uleb128 0xf
ARM GAS  C:\Users\Susanna\AppData\Local\Temp\ccrgdkxh.s 			page 21


 800 0285 01       		.uleb128 0x1
 801 0286 50       		.byte	0x50
 802 0287 01       		.uleb128 0x1
 803 0288 48       		.byte	0x48
 804 0289 0F       		.uleb128 0xf
 805 028a 01       		.uleb128 0x1
 806 028b 51       		.byte	0x51
 807 028c 01       		.uleb128 0x1
 808 028d 3F       		.byte	0x3f
 809 028e 0F       		.uleb128 0xf
 810 028f 01       		.uleb128 0x1
 811 0290 52       		.byte	0x52
 812 0291 02       		.uleb128 0x2
 813 0292 91       		.byte	0x91
 814 0293 43       		.sleb128 -61
 815 0294 00       		.byte	0
 816 0295 0E       		.uleb128 0xe
 817 0296 50000000 		.4byte	.LVL10
 818 029a 63060000 		.4byte	0x663
 819 029e B2020000 		.4byte	0x2b2
 820 02a2 0F       		.uleb128 0xf
 821 02a3 01       		.uleb128 0x1
 822 02a4 50       		.byte	0x50
 823 02a5 02       		.uleb128 0x2
 824 02a6 91       		.byte	0x91
 825 02a7 44       		.sleb128 -60
 826 02a8 0F       		.uleb128 0xf
 827 02a9 01       		.uleb128 0x1
 828 02aa 51       		.byte	0x51
 829 02ab 05       		.uleb128 0x5
 830 02ac 03       		.byte	0x3
 831 02ad 20000000 		.4byte	.LC1
 832 02b1 00       		.byte	0
 833 02b2 0E       		.uleb128 0xe
 834 02b3 56000000 		.4byte	.LVL11
 835 02b7 6E060000 		.4byte	0x66e
 836 02bb C6020000 		.4byte	0x2c6
 837 02bf 0F       		.uleb128 0xf
 838 02c0 01       		.uleb128 0x1
 839 02c1 50       		.byte	0x50
 840 02c2 02       		.uleb128 0x2
 841 02c3 91       		.byte	0x91
 842 02c4 44       		.sleb128 -60
 843 02c5 00       		.byte	0
 844 02c6 0E       		.uleb128 0xe
 845 02c7 5E000000 		.4byte	.LVL14
 846 02cb 6E060000 		.4byte	0x66e
 847 02cf DD020000 		.4byte	0x2dd
 848 02d3 0F       		.uleb128 0xf
 849 02d4 01       		.uleb128 0x1
 850 02d5 50       		.byte	0x50
 851 02d6 05       		.uleb128 0x5
 852 02d7 03       		.byte	0x3
 853 02d8 48000000 		.4byte	.LC2
 854 02dc 00       		.byte	0
 855 02dd 0E       		.uleb128 0xe
 856 02de 6A000000 		.4byte	.LVL15
ARM GAS  C:\Users\Susanna\AppData\Local\Temp\ccrgdkxh.s 			page 22


 857 02e2 9A060000 		.4byte	0x69a
 858 02e6 FC020000 		.4byte	0x2fc
 859 02ea 0F       		.uleb128 0xf
 860 02eb 01       		.uleb128 0x1
 861 02ec 50       		.byte	0x50
 862 02ed 01       		.uleb128 0x1
 863 02ee 48       		.byte	0x48
 864 02ef 0F       		.uleb128 0xf
 865 02f0 01       		.uleb128 0x1
 866 02f1 51       		.byte	0x51
 867 02f2 02       		.uleb128 0x2
 868 02f3 08       		.byte	0x8
 869 02f4 27       		.byte	0x27
 870 02f5 0F       		.uleb128 0xf
 871 02f6 01       		.uleb128 0x1
 872 02f7 52       		.byte	0x52
 873 02f8 02       		.uleb128 0x2
 874 02f9 91       		.byte	0x91
 875 02fa 42       		.sleb128 -62
 876 02fb 00       		.byte	0
 877 02fc 0E       		.uleb128 0xe
 878 02fd 78000000 		.4byte	.LVL17
 879 0301 63060000 		.4byte	0x663
 880 0305 19030000 		.4byte	0x319
 881 0309 0F       		.uleb128 0xf
 882 030a 01       		.uleb128 0x1
 883 030b 50       		.byte	0x50
 884 030c 02       		.uleb128 0x2
 885 030d 91       		.byte	0x91
 886 030e 44       		.sleb128 -60
 887 030f 0F       		.uleb128 0xf
 888 0310 01       		.uleb128 0x1
 889 0311 51       		.byte	0x51
 890 0312 05       		.uleb128 0x5
 891 0313 03       		.byte	0x3
 892 0314 6C000000 		.4byte	.LC3
 893 0318 00       		.byte	0
 894 0319 0E       		.uleb128 0xe
 895 031a 7E000000 		.4byte	.LVL18
 896 031e 6E060000 		.4byte	0x66e
 897 0322 2D030000 		.4byte	0x32d
 898 0326 0F       		.uleb128 0xf
 899 0327 01       		.uleb128 0x1
 900 0328 50       		.byte	0x50
 901 0329 02       		.uleb128 0x2
 902 032a 91       		.byte	0x91
 903 032b 44       		.sleb128 -60
 904 032c 00       		.byte	0
 905 032d 0E       		.uleb128 0xe
 906 032e 86000000 		.4byte	.LVL21
 907 0332 6E060000 		.4byte	0x66e
 908 0336 44030000 		.4byte	0x344
 909 033a 0F       		.uleb128 0xf
 910 033b 01       		.uleb128 0x1
 911 033c 50       		.byte	0x50
 912 033d 05       		.uleb128 0x5
 913 033e 03       		.byte	0x3
ARM GAS  C:\Users\Susanna\AppData\Local\Temp\ccrgdkxh.s 			page 23


 914 033f 88000000 		.4byte	.LC4
 915 0343 00       		.byte	0
 916 0344 0E       		.uleb128 0xe
 917 0345 92000000 		.4byte	.LVL22
 918 0349 9A060000 		.4byte	0x69a
 919 034d 63030000 		.4byte	0x363
 920 0351 0F       		.uleb128 0xf
 921 0352 01       		.uleb128 0x1
 922 0353 50       		.byte	0x50
 923 0354 01       		.uleb128 0x1
 924 0355 48       		.byte	0x48
 925 0356 0F       		.uleb128 0xf
 926 0357 01       		.uleb128 0x1
 927 0358 51       		.byte	0x51
 928 0359 02       		.uleb128 0x2
 929 035a 08       		.byte	0x8
 930 035b 20       		.byte	0x20
 931 035c 0F       		.uleb128 0xf
 932 035d 01       		.uleb128 0x1
 933 035e 52       		.byte	0x52
 934 035f 02       		.uleb128 0x2
 935 0360 91       		.byte	0x91
 936 0361 41       		.sleb128 -63
 937 0362 00       		.byte	0
 938 0363 0E       		.uleb128 0xe
 939 0364 A0000000 		.4byte	.LVL24
 940 0368 63060000 		.4byte	0x663
 941 036c 80030000 		.4byte	0x380
 942 0370 0F       		.uleb128 0xf
 943 0371 01       		.uleb128 0x1
 944 0372 50       		.byte	0x50
 945 0373 02       		.uleb128 0x2
 946 0374 91       		.byte	0x91
 947 0375 44       		.sleb128 -60
 948 0376 0F       		.uleb128 0xf
 949 0377 01       		.uleb128 0x1
 950 0378 51       		.byte	0x51
 951 0379 05       		.uleb128 0x5
 952 037a 03       		.byte	0x3
 953 037b C4000000 		.4byte	.LC5
 954 037f 00       		.byte	0
 955 0380 0E       		.uleb128 0xe
 956 0381 A6000000 		.4byte	.LVL25
 957 0385 6E060000 		.4byte	0x66e
 958 0389 94030000 		.4byte	0x394
 959 038d 0F       		.uleb128 0xf
 960 038e 01       		.uleb128 0x1
 961 038f 50       		.byte	0x50
 962 0390 02       		.uleb128 0x2
 963 0391 91       		.byte	0x91
 964 0392 44       		.sleb128 -60
 965 0393 00       		.byte	0
 966 0394 0E       		.uleb128 0xe
 967 0395 AE000000 		.4byte	.LVL28
 968 0399 6E060000 		.4byte	0x66e
 969 039d AB030000 		.4byte	0x3ab
 970 03a1 0F       		.uleb128 0xf
ARM GAS  C:\Users\Susanna\AppData\Local\Temp\ccrgdkxh.s 			page 24


 971 03a2 01       		.uleb128 0x1
 972 03a3 50       		.byte	0x50
 973 03a4 05       		.uleb128 0x5
 974 03a5 03       		.byte	0x3
 975 03a6 E4000000 		.4byte	.LC6
 976 03aa 00       		.byte	0
 977 03ab 0E       		.uleb128 0xe
 978 03ac B4000000 		.4byte	.LVL29
 979 03b0 6E060000 		.4byte	0x66e
 980 03b4 C2030000 		.4byte	0x3c2
 981 03b8 0F       		.uleb128 0xf
 982 03b9 01       		.uleb128 0x1
 983 03ba 50       		.byte	0x50
 984 03bb 05       		.uleb128 0x5
 985 03bc 03       		.byte	0x3
 986 03bd 20010000 		.4byte	.LC7
 987 03c1 00       		.byte	0
 988 03c2 0E       		.uleb128 0xe
 989 03c3 CA000000 		.4byte	.LVL30
 990 03c7 A5060000 		.4byte	0x6a5
 991 03cb E1030000 		.4byte	0x3e1
 992 03cf 0F       		.uleb128 0xf
 993 03d0 01       		.uleb128 0x1
 994 03d1 50       		.byte	0x50
 995 03d2 01       		.uleb128 0x1
 996 03d3 48       		.byte	0x48
 997 03d4 0F       		.uleb128 0xf
 998 03d5 01       		.uleb128 0x1
 999 03d6 51       		.byte	0x51
 1000 03d7 02       		.uleb128 0x2
 1001 03d8 08       		.byte	0x8
 1002 03d9 20       		.byte	0x20
 1003 03da 0F       		.uleb128 0xf
 1004 03db 01       		.uleb128 0x1
 1005 03dc 52       		.byte	0x52
 1006 03dd 02       		.uleb128 0x2
 1007 03de 08       		.byte	0x8
 1008 03df 57       		.byte	0x57
 1009 03e0 00       		.byte	0
 1010 03e1 0E       		.uleb128 0xe
 1011 03e2 D8000000 		.4byte	.LVL32
 1012 03e6 63060000 		.4byte	0x663
 1013 03ea FE030000 		.4byte	0x3fe
 1014 03ee 0F       		.uleb128 0xf
 1015 03ef 01       		.uleb128 0x1
 1016 03f0 50       		.byte	0x50
 1017 03f1 02       		.uleb128 0x2
 1018 03f2 91       		.byte	0x91
 1019 03f3 44       		.sleb128 -60
 1020 03f4 0F       		.uleb128 0xf
 1021 03f5 01       		.uleb128 0x1
 1022 03f6 51       		.byte	0x51
 1023 03f7 05       		.uleb128 0x5
 1024 03f8 03       		.byte	0x3
 1025 03f9 3C010000 		.4byte	.LC8
 1026 03fd 00       		.byte	0
 1027 03fe 0E       		.uleb128 0xe
ARM GAS  C:\Users\Susanna\AppData\Local\Temp\ccrgdkxh.s 			page 25


 1028 03ff DE000000 		.4byte	.LVL33
 1029 0403 6E060000 		.4byte	0x66e
 1030 0407 12040000 		.4byte	0x412
 1031 040b 0F       		.uleb128 0xf
 1032 040c 01       		.uleb128 0x1
 1033 040d 50       		.byte	0x50
 1034 040e 02       		.uleb128 0x2
 1035 040f 91       		.byte	0x91
 1036 0410 44       		.sleb128 -60
 1037 0411 00       		.byte	0
 1038 0412 0E       		.uleb128 0xe
 1039 0413 E6000000 		.4byte	.LVL36
 1040 0417 6E060000 		.4byte	0x66e
 1041 041b 29040000 		.4byte	0x429
 1042 041f 0F       		.uleb128 0xf
 1043 0420 01       		.uleb128 0x1
 1044 0421 50       		.byte	0x50
 1045 0422 05       		.uleb128 0x5
 1046 0423 03       		.byte	0x3
 1047 0424 74010000 		.4byte	.LC9
 1048 0428 00       		.byte	0
 1049 0429 0E       		.uleb128 0xe
 1050 042a F2000000 		.4byte	.LVL37
 1051 042e 9A060000 		.4byte	0x69a
 1052 0432 48040000 		.4byte	0x448
 1053 0436 0F       		.uleb128 0xf
 1054 0437 01       		.uleb128 0x1
 1055 0438 50       		.byte	0x50
 1056 0439 01       		.uleb128 0x1
 1057 043a 48       		.byte	0x48
 1058 043b 0F       		.uleb128 0xf
 1059 043c 01       		.uleb128 0x1
 1060 043d 51       		.byte	0x51
 1061 043e 02       		.uleb128 0x2
 1062 043f 08       		.byte	0x8
 1063 0440 20       		.byte	0x20
 1064 0441 0F       		.uleb128 0xf
 1065 0442 01       		.uleb128 0x1
 1066 0443 52       		.byte	0x52
 1067 0444 02       		.uleb128 0x2
 1068 0445 91       		.byte	0x91
 1069 0446 41       		.sleb128 -63
 1070 0447 00       		.byte	0
 1071 0448 0E       		.uleb128 0xe
 1072 0449 00010000 		.4byte	.LVL39
 1073 044d 63060000 		.4byte	0x663
 1074 0451 65040000 		.4byte	0x465
 1075 0455 0F       		.uleb128 0xf
 1076 0456 01       		.uleb128 0x1
 1077 0457 50       		.byte	0x50
 1078 0458 02       		.uleb128 0x2
 1079 0459 91       		.byte	0x91
 1080 045a 44       		.sleb128 -60
 1081 045b 0F       		.uleb128 0xf
 1082 045c 01       		.uleb128 0x1
 1083 045d 51       		.byte	0x51
 1084 045e 05       		.uleb128 0x5
ARM GAS  C:\Users\Susanna\AppData\Local\Temp\ccrgdkxh.s 			page 26


 1085 045f 03       		.byte	0x3
 1086 0460 B0010000 		.4byte	.LC10
 1087 0464 00       		.byte	0
 1088 0465 0E       		.uleb128 0xe
 1089 0466 06010000 		.4byte	.LVL40
 1090 046a 6E060000 		.4byte	0x66e
 1091 046e 79040000 		.4byte	0x479
 1092 0472 0F       		.uleb128 0xf
 1093 0473 01       		.uleb128 0x1
 1094 0474 50       		.byte	0x50
 1095 0475 02       		.uleb128 0x2
 1096 0476 91       		.byte	0x91
 1097 0477 44       		.sleb128 -60
 1098 0478 00       		.byte	0
 1099 0479 0E       		.uleb128 0xe
 1100 047a 0E010000 		.4byte	.LVL43
 1101 047e 6E060000 		.4byte	0x66e
 1102 0482 90040000 		.4byte	0x490
 1103 0486 0F       		.uleb128 0xf
 1104 0487 01       		.uleb128 0x1
 1105 0488 50       		.byte	0x50
 1106 0489 05       		.uleb128 0x5
 1107 048a 03       		.byte	0x3
 1108 048b E4000000 		.4byte	.LC6
 1109 048f 00       		.byte	0
 1110 0490 0E       		.uleb128 0xe
 1111 0491 18010000 		.4byte	.LVL44
 1112 0495 9A060000 		.4byte	0x69a
 1113 0499 AF040000 		.4byte	0x4af
 1114 049d 0F       		.uleb128 0xf
 1115 049e 01       		.uleb128 0x1
 1116 049f 50       		.byte	0x50
 1117 04a0 01       		.uleb128 0x1
 1118 04a1 48       		.byte	0x48
 1119 04a2 0F       		.uleb128 0xf
 1120 04a3 01       		.uleb128 0x1
 1121 04a4 51       		.byte	0x51
 1122 04a5 02       		.uleb128 0x2
 1123 04a6 08       		.byte	0x8
 1124 04a7 23       		.byte	0x23
 1125 04a8 0F       		.uleb128 0xf
 1126 04a9 01       		.uleb128 0x1
 1127 04aa 52       		.byte	0x52
 1128 04ab 02       		.uleb128 0x2
 1129 04ac 91       		.byte	0x91
 1130 04ad 40       		.sleb128 -64
 1131 04ae 00       		.byte	0
 1132 04af 0E       		.uleb128 0xe
 1133 04b0 26010000 		.4byte	.LVL46
 1134 04b4 63060000 		.4byte	0x663
 1135 04b8 CC040000 		.4byte	0x4cc
 1136 04bc 0F       		.uleb128 0xf
 1137 04bd 01       		.uleb128 0x1
 1138 04be 50       		.byte	0x50
 1139 04bf 02       		.uleb128 0x2
 1140 04c0 91       		.byte	0x91
 1141 04c1 44       		.sleb128 -60
ARM GAS  C:\Users\Susanna\AppData\Local\Temp\ccrgdkxh.s 			page 27


 1142 04c2 0F       		.uleb128 0xf
 1143 04c3 01       		.uleb128 0x1
 1144 04c4 51       		.byte	0x51
 1145 04c5 05       		.uleb128 0x5
 1146 04c6 03       		.byte	0x3
 1147 04c7 E8010000 		.4byte	.LC11
 1148 04cb 00       		.byte	0
 1149 04cc 0E       		.uleb128 0xe
 1150 04cd 2C010000 		.4byte	.LVL47
 1151 04d1 6E060000 		.4byte	0x66e
 1152 04d5 E0040000 		.4byte	0x4e0
 1153 04d9 0F       		.uleb128 0xf
 1154 04da 01       		.uleb128 0x1
 1155 04db 50       		.byte	0x50
 1156 04dc 02       		.uleb128 0x2
 1157 04dd 91       		.byte	0x91
 1158 04de 44       		.sleb128 -60
 1159 04df 00       		.byte	0
 1160 04e0 0E       		.uleb128 0xe
 1161 04e1 34010000 		.4byte	.LVL50
 1162 04e5 6E060000 		.4byte	0x66e
 1163 04e9 F7040000 		.4byte	0x4f7
 1164 04ed 0F       		.uleb128 0xf
 1165 04ee 01       		.uleb128 0x1
 1166 04ef 50       		.byte	0x50
 1167 04f0 05       		.uleb128 0x5
 1168 04f1 03       		.byte	0x3
 1169 04f2 08020000 		.4byte	.LC12
 1170 04f6 00       		.byte	0
 1171 04f7 0E       		.uleb128 0xe
 1172 04f8 44010000 		.4byte	.LVL52
 1173 04fc A5060000 		.4byte	0x6a5
 1174 0500 16050000 		.4byte	0x516
 1175 0504 0F       		.uleb128 0xf
 1176 0505 01       		.uleb128 0x1
 1177 0506 50       		.byte	0x50
 1178 0507 01       		.uleb128 0x1
 1179 0508 48       		.byte	0x48
 1180 0509 0F       		.uleb128 0xf
 1181 050a 01       		.uleb128 0x1
 1182 050b 51       		.byte	0x51
 1183 050c 02       		.uleb128 0x2
 1184 050d 08       		.byte	0x8
 1185 050e 23       		.byte	0x23
 1186 050f 0F       		.uleb128 0xf
 1187 0510 01       		.uleb128 0x1
 1188 0511 52       		.byte	0x52
 1189 0512 02       		.uleb128 0x2
 1190 0513 09       		.byte	0x9
 1191 0514 80       		.byte	0x80
 1192 0515 00       		.byte	0
 1193 0516 0E       		.uleb128 0xe
 1194 0517 4E010000 		.4byte	.LVL53
 1195 051b 9A060000 		.4byte	0x69a
 1196 051f 35050000 		.4byte	0x535
 1197 0523 0F       		.uleb128 0xf
 1198 0524 01       		.uleb128 0x1
ARM GAS  C:\Users\Susanna\AppData\Local\Temp\ccrgdkxh.s 			page 28


 1199 0525 50       		.byte	0x50
 1200 0526 01       		.uleb128 0x1
 1201 0527 48       		.byte	0x48
 1202 0528 0F       		.uleb128 0xf
 1203 0529 01       		.uleb128 0x1
 1204 052a 51       		.byte	0x51
 1205 052b 02       		.uleb128 0x2
 1206 052c 08       		.byte	0x8
 1207 052d 23       		.byte	0x23
 1208 052e 0F       		.uleb128 0xf
 1209 052f 01       		.uleb128 0x1
 1210 0530 52       		.byte	0x52
 1211 0531 02       		.uleb128 0x2
 1212 0532 74       		.byte	0x74
 1213 0533 00       		.sleb128 0
 1214 0534 00       		.byte	0
 1215 0535 0E       		.uleb128 0xe
 1216 0536 5C010000 		.4byte	.LVL55
 1217 053a 63060000 		.4byte	0x663
 1218 053e 52050000 		.4byte	0x552
 1219 0542 0F       		.uleb128 0xf
 1220 0543 01       		.uleb128 0x1
 1221 0544 50       		.byte	0x50
 1222 0545 02       		.uleb128 0x2
 1223 0546 91       		.byte	0x91
 1224 0547 44       		.sleb128 -60
 1225 0548 0F       		.uleb128 0xf
 1226 0549 01       		.uleb128 0x1
 1227 054a 51       		.byte	0x51
 1228 054b 05       		.uleb128 0x5
 1229 054c 03       		.byte	0x3
 1230 054d 44020000 		.4byte	.LC13
 1231 0551 00       		.byte	0
 1232 0552 0E       		.uleb128 0xe
 1233 0553 62010000 		.4byte	.LVL56
 1234 0557 6E060000 		.4byte	0x66e
 1235 055b 66050000 		.4byte	0x566
 1236 055f 0F       		.uleb128 0xf
 1237 0560 01       		.uleb128 0x1
 1238 0561 50       		.byte	0x50
 1239 0562 02       		.uleb128 0x2
 1240 0563 91       		.byte	0x91
 1241 0564 44       		.sleb128 -60
 1242 0565 00       		.byte	0
 1243 0566 0E       		.uleb128 0xe
 1244 0567 6A010000 		.4byte	.LVL59
 1245 056b 6E060000 		.4byte	0x66e
 1246 056f 7D050000 		.4byte	0x57d
 1247 0573 0F       		.uleb128 0xf
 1248 0574 01       		.uleb128 0x1
 1249 0575 50       		.byte	0x50
 1250 0576 05       		.uleb128 0x5
 1251 0577 03       		.byte	0x3
 1252 0578 08020000 		.4byte	.LC12
 1253 057c 00       		.byte	0
 1254 057d 0E       		.uleb128 0xe
 1255 057e 7C010000 		.4byte	.LVL60
ARM GAS  C:\Users\Susanna\AppData\Local\Temp\ccrgdkxh.s 			page 29


 1256 0582 8F060000 		.4byte	0x68f
 1257 0586 91050000 		.4byte	0x591
 1258 058a 0F       		.uleb128 0xf
 1259 058b 01       		.uleb128 0x1
 1260 058c 50       		.byte	0x50
 1261 058d 02       		.uleb128 0x2
 1262 058e 08       		.byte	0x8
 1263 058f 64       		.byte	0x64
 1264 0590 00       		.byte	0
 1265 0591 0E       		.uleb128 0xe
 1266 0592 92010000 		.4byte	.LVL61
 1267 0596 B0060000 		.4byte	0x6b0
 1268 059a B6050000 		.4byte	0x5b6
 1269 059e 0F       		.uleb128 0xf
 1270 059f 01       		.uleb128 0x1
 1271 05a0 50       		.byte	0x50
 1272 05a1 01       		.uleb128 0x1
 1273 05a2 48       		.byte	0x48
 1274 05a3 0F       		.uleb128 0xf
 1275 05a4 01       		.uleb128 0x1
 1276 05a5 51       		.byte	0x51
 1277 05a6 02       		.uleb128 0x2
 1278 05a7 08       		.byte	0x8
 1279 05a8 28       		.byte	0x28
 1280 05a9 0F       		.uleb128 0xf
 1281 05aa 01       		.uleb128 0x1
 1282 05ab 52       		.byte	0x52
 1283 05ac 01       		.uleb128 0x1
 1284 05ad 32       		.byte	0x32
 1285 05ae 0F       		.uleb128 0xf
 1286 05af 01       		.uleb128 0x1
 1287 05b0 53       		.byte	0x53
 1288 05b1 03       		.uleb128 0x3
 1289 05b2 91       		.byte	0x91
 1290 05b3 B47F     		.sleb128 -76
 1291 05b5 00       		.byte	0
 1292 05b6 0E       		.uleb128 0xe
 1293 05b7 9E010000 		.4byte	.LVL62
 1294 05bb B0060000 		.4byte	0x6b0
 1295 05bf DB050000 		.4byte	0x5db
 1296 05c3 0F       		.uleb128 0xf
 1297 05c4 01       		.uleb128 0x1
 1298 05c5 50       		.byte	0x50
 1299 05c6 01       		.uleb128 0x1
 1300 05c7 48       		.byte	0x48
 1301 05c8 0F       		.uleb128 0xf
 1302 05c9 01       		.uleb128 0x1
 1303 05ca 51       		.byte	0x51
 1304 05cb 02       		.uleb128 0x2
 1305 05cc 08       		.byte	0x8
 1306 05cd 2A       		.byte	0x2a
 1307 05ce 0F       		.uleb128 0xf
 1308 05cf 01       		.uleb128 0x1
 1309 05d0 52       		.byte	0x52
 1310 05d1 01       		.uleb128 0x1
 1311 05d2 32       		.byte	0x32
 1312 05d3 0F       		.uleb128 0xf
ARM GAS  C:\Users\Susanna\AppData\Local\Temp\ccrgdkxh.s 			page 30


 1313 05d4 01       		.uleb128 0x1
 1314 05d5 53       		.byte	0x53
 1315 05d6 03       		.uleb128 0x3
 1316 05d7 91       		.byte	0x91
 1317 05d8 B07F     		.sleb128 -80
 1318 05da 00       		.byte	0
 1319 05db 0E       		.uleb128 0xe
 1320 05dc AA010000 		.4byte	.LVL63
 1321 05e0 B0060000 		.4byte	0x6b0
 1322 05e4 00060000 		.4byte	0x600
 1323 05e8 0F       		.uleb128 0xf
 1324 05e9 01       		.uleb128 0x1
 1325 05ea 50       		.byte	0x50
 1326 05eb 01       		.uleb128 0x1
 1327 05ec 48       		.byte	0x48
 1328 05ed 0F       		.uleb128 0xf
 1329 05ee 01       		.uleb128 0x1
 1330 05ef 51       		.byte	0x51
 1331 05f0 02       		.uleb128 0x2
 1332 05f1 08       		.byte	0x8
 1333 05f2 2C       		.byte	0x2c
 1334 05f3 0F       		.uleb128 0xf
 1335 05f4 01       		.uleb128 0x1
 1336 05f5 52       		.byte	0x52
 1337 05f6 01       		.uleb128 0x1
 1338 05f7 32       		.byte	0x32
 1339 05f8 0F       		.uleb128 0xf
 1340 05f9 01       		.uleb128 0x1
 1341 05fa 53       		.byte	0x53
 1342 05fb 03       		.uleb128 0x3
 1343 05fc 91       		.byte	0x91
 1344 05fd AC7F     		.sleb128 -84
 1345 05ff 00       		.byte	0
 1346 0600 10       		.uleb128 0x10
 1347 0601 10020000 		.4byte	.LVL79
 1348 0605 BB060000 		.4byte	0x6bb
 1349 0609 0F       		.uleb128 0xf
 1350 060a 01       		.uleb128 0x1
 1351 060b 50       		.byte	0x50
 1352 060c 03       		.uleb128 0x3
 1353 060d 91       		.byte	0x91
 1354 060e B87F     		.sleb128 -72
 1355 0610 0F       		.uleb128 0xf
 1356 0611 01       		.uleb128 0x1
 1357 0612 51       		.byte	0x51
 1358 0613 01       		.uleb128 0x1
 1359 0614 38       		.byte	0x38
 1360 0615 00       		.byte	0
 1361 0616 00       		.byte	0
 1362 0617 12       		.uleb128 0x12
 1363 0618 C7000000 		.4byte	0xc7
 1364 061c 27060000 		.4byte	0x627
 1365 0620 13       		.uleb128 0x13
 1366 0621 F9000000 		.4byte	0xf9
 1367 0625 31       		.byte	0x31
 1368 0626 00       		.byte	0
 1369 0627 12       		.uleb128 0x12
ARM GAS  C:\Users\Susanna\AppData\Local\Temp\ccrgdkxh.s 			page 31


 1370 0628 8C000000 		.4byte	0x8c
 1371 062c 37060000 		.4byte	0x637
 1372 0630 13       		.uleb128 0x13
 1373 0631 F9000000 		.4byte	0xf9
 1374 0635 07       		.byte	0x7
 1375 0636 00       		.byte	0
 1376 0637 12       		.uleb128 0x12
 1377 0638 8C000000 		.4byte	0x8c
 1378 063c 47060000 		.4byte	0x647
 1379 0640 13       		.uleb128 0x13
 1380 0641 F9000000 		.4byte	0xf9
 1381 0645 01       		.byte	0x1
 1382 0646 00       		.byte	0
 1383 0647 14       		.uleb128 0x14
 1384 0648 68020000 		.4byte	.LASF53
 1385 064c 0A       		.byte	0xa
 1386 064d 1207     		.2byte	0x712
 1387 064f 53060000 		.4byte	0x653
 1388 0653 15       		.uleb128 0x15
 1389 0654 A2000000 		.4byte	0xa2
 1390 0658 16       		.uleb128 0x16
 1391 0659 2E000000 		.4byte	.LASF39
 1392 065d 2E000000 		.4byte	.LASF39
 1393 0661 06       		.byte	0x6
 1394 0662 5D       		.byte	0x5d
 1395 0663 16       		.uleb128 0x16
 1396 0664 21030000 		.4byte	.LASF40
 1397 0668 21030000 		.4byte	.LASF40
 1398 066c 07       		.byte	0x7
 1399 066d E7       		.byte	0xe7
 1400 066e 16       		.uleb128 0x16
 1401 066f 19000000 		.4byte	.LASF41
 1402 0673 19000000 		.4byte	.LASF41
 1403 0677 08       		.byte	0x8
 1404 0678 8B       		.byte	0x8b
 1405 0679 16       		.uleb128 0x16
 1406 067a 31030000 		.4byte	.LASF42
 1407 067e 31030000 		.4byte	.LASF42
 1408 0682 06       		.byte	0x6
 1409 0683 17       		.byte	0x17
 1410 0684 16       		.uleb128 0x16
 1411 0685 AA020000 		.4byte	.LASF43
 1412 0689 AA020000 		.4byte	.LASF43
 1413 068d 08       		.byte	0x8
 1414 068e 54       		.byte	0x54
 1415 068f 16       		.uleb128 0x16
 1416 0690 29030000 		.4byte	.LASF44
 1417 0694 29030000 		.4byte	.LASF44
 1418 0698 09       		.byte	0x9
 1419 0699 76       		.byte	0x76
 1420 069a 16       		.uleb128 0x16
 1421 069b C7020000 		.4byte	.LASF45
 1422 069f C7020000 		.4byte	.LASF45
 1423 06a3 06       		.byte	0x6
 1424 06a4 28       		.byte	0x28
 1425 06a5 16       		.uleb128 0x16
 1426 06a6 9A010000 		.4byte	.LASF46
ARM GAS  C:\Users\Susanna\AppData\Local\Temp\ccrgdkxh.s 			page 32


 1427 06aa 9A010000 		.4byte	.LASF46
 1428 06ae 06       		.byte	0x6
 1429 06af 43       		.byte	0x43
 1430 06b0 16       		.uleb128 0x16
 1431 06b1 D5010000 		.4byte	.LASF47
 1432 06b5 D5010000 		.4byte	.LASF47
 1433 06b9 06       		.byte	0x6
 1434 06ba 36       		.byte	0x36
 1435 06bb 16       		.uleb128 0x16
 1436 06bc A7000000 		.4byte	.LASF48
 1437 06c0 A7000000 		.4byte	.LASF48
 1438 06c4 08       		.byte	0x8
 1439 06c5 8C       		.byte	0x8c
 1440 06c6 00       		.byte	0
 1441              		.section	.debug_abbrev,"",%progbits
 1442              	.Ldebug_abbrev0:
 1443 0000 01       		.uleb128 0x1
 1444 0001 11       		.uleb128 0x11
 1445 0002 01       		.byte	0x1
 1446 0003 25       		.uleb128 0x25
 1447 0004 0E       		.uleb128 0xe
 1448 0005 13       		.uleb128 0x13
 1449 0006 0B       		.uleb128 0xb
 1450 0007 03       		.uleb128 0x3
 1451 0008 0E       		.uleb128 0xe
 1452 0009 1B       		.uleb128 0x1b
 1453 000a 0E       		.uleb128 0xe
 1454 000b 55       		.uleb128 0x55
 1455 000c 17       		.uleb128 0x17
 1456 000d 11       		.uleb128 0x11
 1457 000e 01       		.uleb128 0x1
 1458 000f 10       		.uleb128 0x10
 1459 0010 17       		.uleb128 0x17
 1460 0011 00       		.byte	0
 1461 0012 00       		.byte	0
 1462 0013 02       		.uleb128 0x2
 1463 0014 24       		.uleb128 0x24
 1464 0015 00       		.byte	0
 1465 0016 0B       		.uleb128 0xb
 1466 0017 0B       		.uleb128 0xb
 1467 0018 3E       		.uleb128 0x3e
 1468 0019 0B       		.uleb128 0xb
 1469 001a 03       		.uleb128 0x3
 1470 001b 0E       		.uleb128 0xe
 1471 001c 00       		.byte	0
 1472 001d 00       		.byte	0
 1473 001e 03       		.uleb128 0x3
 1474 001f 16       		.uleb128 0x16
 1475 0020 00       		.byte	0
 1476 0021 03       		.uleb128 0x3
 1477 0022 0E       		.uleb128 0xe
 1478 0023 3A       		.uleb128 0x3a
 1479 0024 0B       		.uleb128 0xb
 1480 0025 3B       		.uleb128 0x3b
 1481 0026 0B       		.uleb128 0xb
 1482 0027 49       		.uleb128 0x49
 1483 0028 13       		.uleb128 0x13
ARM GAS  C:\Users\Susanna\AppData\Local\Temp\ccrgdkxh.s 			page 33


 1484 0029 00       		.byte	0
 1485 002a 00       		.byte	0
 1486 002b 04       		.uleb128 0x4
 1487 002c 24       		.uleb128 0x24
 1488 002d 00       		.byte	0
 1489 002e 0B       		.uleb128 0xb
 1490 002f 0B       		.uleb128 0xb
 1491 0030 3E       		.uleb128 0x3e
 1492 0031 0B       		.uleb128 0xb
 1493 0032 03       		.uleb128 0x3
 1494 0033 08       		.uleb128 0x8
 1495 0034 00       		.byte	0
 1496 0035 00       		.byte	0
 1497 0036 05       		.uleb128 0x5
 1498 0037 16       		.uleb128 0x16
 1499 0038 00       		.byte	0
 1500 0039 03       		.uleb128 0x3
 1501 003a 0E       		.uleb128 0xe
 1502 003b 3A       		.uleb128 0x3a
 1503 003c 0B       		.uleb128 0xb
 1504 003d 3B       		.uleb128 0x3b
 1505 003e 05       		.uleb128 0x5
 1506 003f 49       		.uleb128 0x49
 1507 0040 13       		.uleb128 0x13
 1508 0041 00       		.byte	0
 1509 0042 00       		.byte	0
 1510 0043 06       		.uleb128 0x6
 1511 0044 04       		.uleb128 0x4
 1512 0045 01       		.byte	0x1
 1513 0046 0B       		.uleb128 0xb
 1514 0047 0B       		.uleb128 0xb
 1515 0048 49       		.uleb128 0x49
 1516 0049 13       		.uleb128 0x13
 1517 004a 3A       		.uleb128 0x3a
 1518 004b 0B       		.uleb128 0xb
 1519 004c 3B       		.uleb128 0x3b
 1520 004d 0B       		.uleb128 0xb
 1521 004e 01       		.uleb128 0x1
 1522 004f 13       		.uleb128 0x13
 1523 0050 00       		.byte	0
 1524 0051 00       		.byte	0
 1525 0052 07       		.uleb128 0x7
 1526 0053 28       		.uleb128 0x28
 1527 0054 00       		.byte	0
 1528 0055 03       		.uleb128 0x3
 1529 0056 0E       		.uleb128 0xe
 1530 0057 1C       		.uleb128 0x1c
 1531 0058 0B       		.uleb128 0xb
 1532 0059 00       		.byte	0
 1533 005a 00       		.byte	0
 1534 005b 08       		.uleb128 0x8
 1535 005c 2E       		.uleb128 0x2e
 1536 005d 01       		.byte	0x1
 1537 005e 3F       		.uleb128 0x3f
 1538 005f 19       		.uleb128 0x19
 1539 0060 03       		.uleb128 0x3
 1540 0061 0E       		.uleb128 0xe
ARM GAS  C:\Users\Susanna\AppData\Local\Temp\ccrgdkxh.s 			page 34


 1541 0062 3A       		.uleb128 0x3a
 1542 0063 0B       		.uleb128 0xb
 1543 0064 3B       		.uleb128 0x3b
 1544 0065 0B       		.uleb128 0xb
 1545 0066 27       		.uleb128 0x27
 1546 0067 19       		.uleb128 0x19
 1547 0068 49       		.uleb128 0x49
 1548 0069 13       		.uleb128 0x13
 1549 006a 8701     		.uleb128 0x87
 1550 006c 19       		.uleb128 0x19
 1551 006d 11       		.uleb128 0x11
 1552 006e 01       		.uleb128 0x1
 1553 006f 12       		.uleb128 0x12
 1554 0070 06       		.uleb128 0x6
 1555 0071 40       		.uleb128 0x40
 1556 0072 18       		.uleb128 0x18
 1557 0073 9742     		.uleb128 0x2117
 1558 0075 19       		.uleb128 0x19
 1559 0076 01       		.uleb128 0x1
 1560 0077 13       		.uleb128 0x13
 1561 0078 00       		.byte	0
 1562 0079 00       		.byte	0
 1563 007a 09       		.uleb128 0x9
 1564 007b 34       		.uleb128 0x34
 1565 007c 00       		.byte	0
 1566 007d 03       		.uleb128 0x3
 1567 007e 0E       		.uleb128 0xe
 1568 007f 3A       		.uleb128 0x3a
 1569 0080 0B       		.uleb128 0xb
 1570 0081 3B       		.uleb128 0x3b
 1571 0082 0B       		.uleb128 0xb
 1572 0083 49       		.uleb128 0x49
 1573 0084 13       		.uleb128 0x13
 1574 0085 02       		.uleb128 0x2
 1575 0086 18       		.uleb128 0x18
 1576 0087 00       		.byte	0
 1577 0088 00       		.byte	0
 1578 0089 0A       		.uleb128 0xa
 1579 008a 34       		.uleb128 0x34
 1580 008b 00       		.byte	0
 1581 008c 03       		.uleb128 0x3
 1582 008d 0E       		.uleb128 0xe
 1583 008e 3A       		.uleb128 0x3a
 1584 008f 0B       		.uleb128 0xb
 1585 0090 3B       		.uleb128 0x3b
 1586 0091 0B       		.uleb128 0xb
 1587 0092 49       		.uleb128 0x49
 1588 0093 13       		.uleb128 0x13
 1589 0094 02       		.uleb128 0x2
 1590 0095 17       		.uleb128 0x17
 1591 0096 00       		.byte	0
 1592 0097 00       		.byte	0
 1593 0098 0B       		.uleb128 0xb
 1594 0099 34       		.uleb128 0x34
 1595 009a 00       		.byte	0
 1596 009b 03       		.uleb128 0x3
 1597 009c 0E       		.uleb128 0xe
ARM GAS  C:\Users\Susanna\AppData\Local\Temp\ccrgdkxh.s 			page 35


 1598 009d 3A       		.uleb128 0x3a
 1599 009e 0B       		.uleb128 0xb
 1600 009f 3B       		.uleb128 0x3b
 1601 00a0 0B       		.uleb128 0xb
 1602 00a1 49       		.uleb128 0x49
 1603 00a2 13       		.uleb128 0x13
 1604 00a3 1C       		.uleb128 0x1c
 1605 00a4 0D       		.uleb128 0xd
 1606 00a5 00       		.byte	0
 1607 00a6 00       		.byte	0
 1608 00a7 0C       		.uleb128 0xc
 1609 00a8 0B       		.uleb128 0xb
 1610 00a9 01       		.byte	0x1
 1611 00aa 11       		.uleb128 0x11
 1612 00ab 01       		.uleb128 0x1
 1613 00ac 12       		.uleb128 0x12
 1614 00ad 06       		.uleb128 0x6
 1615 00ae 01       		.uleb128 0x1
 1616 00af 13       		.uleb128 0x13
 1617 00b0 00       		.byte	0
 1618 00b1 00       		.byte	0
 1619 00b2 0D       		.uleb128 0xd
 1620 00b3 34       		.uleb128 0x34
 1621 00b4 00       		.byte	0
 1622 00b5 03       		.uleb128 0x3
 1623 00b6 08       		.uleb128 0x8
 1624 00b7 3A       		.uleb128 0x3a
 1625 00b8 0B       		.uleb128 0xb
 1626 00b9 3B       		.uleb128 0x3b
 1627 00ba 0B       		.uleb128 0xb
 1628 00bb 49       		.uleb128 0x49
 1629 00bc 13       		.uleb128 0x13
 1630 00bd 02       		.uleb128 0x2
 1631 00be 17       		.uleb128 0x17
 1632 00bf 00       		.byte	0
 1633 00c0 00       		.byte	0
 1634 00c1 0E       		.uleb128 0xe
 1635 00c2 898201   		.uleb128 0x4109
 1636 00c5 01       		.byte	0x1
 1637 00c6 11       		.uleb128 0x11
 1638 00c7 01       		.uleb128 0x1
 1639 00c8 31       		.uleb128 0x31
 1640 00c9 13       		.uleb128 0x13
 1641 00ca 01       		.uleb128 0x1
 1642 00cb 13       		.uleb128 0x13
 1643 00cc 00       		.byte	0
 1644 00cd 00       		.byte	0
 1645 00ce 0F       		.uleb128 0xf
 1646 00cf 8A8201   		.uleb128 0x410a
 1647 00d2 00       		.byte	0
 1648 00d3 02       		.uleb128 0x2
 1649 00d4 18       		.uleb128 0x18
 1650 00d5 9142     		.uleb128 0x2111
 1651 00d7 18       		.uleb128 0x18
 1652 00d8 00       		.byte	0
 1653 00d9 00       		.byte	0
 1654 00da 10       		.uleb128 0x10
ARM GAS  C:\Users\Susanna\AppData\Local\Temp\ccrgdkxh.s 			page 36


 1655 00db 898201   		.uleb128 0x4109
 1656 00de 01       		.byte	0x1
 1657 00df 11       		.uleb128 0x11
 1658 00e0 01       		.uleb128 0x1
 1659 00e1 31       		.uleb128 0x31
 1660 00e2 13       		.uleb128 0x13
 1661 00e3 00       		.byte	0
 1662 00e4 00       		.byte	0
 1663 00e5 11       		.uleb128 0x11
 1664 00e6 898201   		.uleb128 0x4109
 1665 00e9 00       		.byte	0
 1666 00ea 11       		.uleb128 0x11
 1667 00eb 01       		.uleb128 0x1
 1668 00ec 31       		.uleb128 0x31
 1669 00ed 13       		.uleb128 0x13
 1670 00ee 00       		.byte	0
 1671 00ef 00       		.byte	0
 1672 00f0 12       		.uleb128 0x12
 1673 00f1 01       		.uleb128 0x1
 1674 00f2 01       		.byte	0x1
 1675 00f3 49       		.uleb128 0x49
 1676 00f4 13       		.uleb128 0x13
 1677 00f5 01       		.uleb128 0x1
 1678 00f6 13       		.uleb128 0x13
 1679 00f7 00       		.byte	0
 1680 00f8 00       		.byte	0
 1681 00f9 13       		.uleb128 0x13
 1682 00fa 21       		.uleb128 0x21
 1683 00fb 00       		.byte	0
 1684 00fc 49       		.uleb128 0x49
 1685 00fd 13       		.uleb128 0x13
 1686 00fe 2F       		.uleb128 0x2f
 1687 00ff 0B       		.uleb128 0xb
 1688 0100 00       		.byte	0
 1689 0101 00       		.byte	0
 1690 0102 14       		.uleb128 0x14
 1691 0103 34       		.uleb128 0x34
 1692 0104 00       		.byte	0
 1693 0105 03       		.uleb128 0x3
 1694 0106 0E       		.uleb128 0xe
 1695 0107 3A       		.uleb128 0x3a
 1696 0108 0B       		.uleb128 0xb
 1697 0109 3B       		.uleb128 0x3b
 1698 010a 05       		.uleb128 0x5
 1699 010b 49       		.uleb128 0x49
 1700 010c 13       		.uleb128 0x13
 1701 010d 3F       		.uleb128 0x3f
 1702 010e 19       		.uleb128 0x19
 1703 010f 3C       		.uleb128 0x3c
 1704 0110 19       		.uleb128 0x19
 1705 0111 00       		.byte	0
 1706 0112 00       		.byte	0
 1707 0113 15       		.uleb128 0x15
 1708 0114 35       		.uleb128 0x35
 1709 0115 00       		.byte	0
 1710 0116 49       		.uleb128 0x49
 1711 0117 13       		.uleb128 0x13
ARM GAS  C:\Users\Susanna\AppData\Local\Temp\ccrgdkxh.s 			page 37


 1712 0118 00       		.byte	0
 1713 0119 00       		.byte	0
 1714 011a 16       		.uleb128 0x16
 1715 011b 2E       		.uleb128 0x2e
 1716 011c 00       		.byte	0
 1717 011d 3F       		.uleb128 0x3f
 1718 011e 19       		.uleb128 0x19
 1719 011f 3C       		.uleb128 0x3c
 1720 0120 19       		.uleb128 0x19
 1721 0121 6E       		.uleb128 0x6e
 1722 0122 0E       		.uleb128 0xe
 1723 0123 03       		.uleb128 0x3
 1724 0124 0E       		.uleb128 0xe
 1725 0125 3A       		.uleb128 0x3a
 1726 0126 0B       		.uleb128 0xb
 1727 0127 3B       		.uleb128 0x3b
 1728 0128 0B       		.uleb128 0xb
 1729 0129 00       		.byte	0
 1730 012a 00       		.byte	0
 1731 012b 00       		.byte	0
 1732              		.section	.debug_loc,"",%progbits
 1733              	.Ldebug_loc0:
 1734              	.LLST0:
 1735 0000 42000000 		.4byte	.LVL8
 1736 0004 4C000000 		.4byte	.LVL9
 1737 0008 0100     		.2byte	0x1
 1738 000a 50       		.byte	0x50
 1739 000b 58000000 		.4byte	.LVL12
 1740 000f 5A000000 		.4byte	.LVL13
 1741 0013 0100     		.2byte	0x1
 1742 0015 50       		.byte	0x50
 1743 0016 6A000000 		.4byte	.LVL15
 1744 001a 74000000 		.4byte	.LVL16
 1745 001e 0100     		.2byte	0x1
 1746 0020 50       		.byte	0x50
 1747 0021 80000000 		.4byte	.LVL19
 1748 0025 82000000 		.4byte	.LVL20
 1749 0029 0100     		.2byte	0x1
 1750 002b 50       		.byte	0x50
 1751 002c 92000000 		.4byte	.LVL22
 1752 0030 9C000000 		.4byte	.LVL23
 1753 0034 0100     		.2byte	0x1
 1754 0036 50       		.byte	0x50
 1755 0037 A8000000 		.4byte	.LVL26
 1756 003b AA000000 		.4byte	.LVL27
 1757 003f 0100     		.2byte	0x1
 1758 0041 50       		.byte	0x50
 1759 0042 CA000000 		.4byte	.LVL30
 1760 0046 D4000000 		.4byte	.LVL31
 1761 004a 0100     		.2byte	0x1
 1762 004c 50       		.byte	0x50
 1763 004d E0000000 		.4byte	.LVL34
 1764 0051 E2000000 		.4byte	.LVL35
 1765 0055 0100     		.2byte	0x1
 1766 0057 50       		.byte	0x50
 1767 0058 F2000000 		.4byte	.LVL37
 1768 005c FC000000 		.4byte	.LVL38
ARM GAS  C:\Users\Susanna\AppData\Local\Temp\ccrgdkxh.s 			page 38


 1769 0060 0100     		.2byte	0x1
 1770 0062 50       		.byte	0x50
 1771 0063 08010000 		.4byte	.LVL41
 1772 0067 0A010000 		.4byte	.LVL42
 1773 006b 0100     		.2byte	0x1
 1774 006d 50       		.byte	0x50
 1775 006e 18010000 		.4byte	.LVL44
 1776 0072 22010000 		.4byte	.LVL45
 1777 0076 0100     		.2byte	0x1
 1778 0078 50       		.byte	0x50
 1779 0079 2E010000 		.4byte	.LVL48
 1780 007d 30010000 		.4byte	.LVL49
 1781 0081 0100     		.2byte	0x1
 1782 0083 50       		.byte	0x50
 1783 0084 4E010000 		.4byte	.LVL53
 1784 0088 58010000 		.4byte	.LVL54
 1785 008c 0100     		.2byte	0x1
 1786 008e 50       		.byte	0x50
 1787 008f 64010000 		.4byte	.LVL57
 1788 0093 66010000 		.4byte	.LVL58
 1789 0097 0100     		.2byte	0x1
 1790 0099 50       		.byte	0x50
 1791 009a AA010000 		.4byte	.LVL63
 1792 009e 0C020000 		.4byte	.LVL78
 1793 00a2 0100     		.2byte	0x1
 1794 00a4 50       		.byte	0x50
 1795 00a5 00000000 		.4byte	0
 1796 00a9 00000000 		.4byte	0
 1797              	.LLST1:
 1798 00ad BE010000 		.4byte	.LVL64
 1799 00b1 C0010000 		.4byte	.LVL65
 1800 00b5 0100     		.2byte	0x1
 1801 00b7 53       		.byte	0x53
 1802 00b8 C0010000 		.4byte	.LVL65
 1803 00bc C2010000 		.4byte	.LVL66
 1804 00c0 1400     		.2byte	0x14
 1805 00c2 72       		.byte	0x72
 1806 00c3 00       		.sleb128 0
 1807 00c4 38       		.byte	0x38
 1808 00c5 24       		.byte	0x24
 1809 00c6 91       		.byte	0x91
 1810 00c7 B47F     		.sleb128 -76
 1811 00c9 94       		.byte	0x94
 1812 00ca 01       		.byte	0x1
 1813 00cb 08       		.byte	0x8
 1814 00cc FF       		.byte	0xff
 1815 00cd 1A       		.byte	0x1a
 1816 00ce 21       		.byte	0x21
 1817 00cf 09       		.byte	0x9
 1818 00d0 F4       		.byte	0xf4
 1819 00d1 24       		.byte	0x24
 1820 00d2 09       		.byte	0x9
 1821 00d3 FA       		.byte	0xfa
 1822 00d4 26       		.byte	0x26
 1823 00d5 9F       		.byte	0x9f
 1824 00d6 C2010000 		.4byte	.LVL66
 1825 00da C8010000 		.4byte	.LVL67
ARM GAS  C:\Users\Susanna\AppData\Local\Temp\ccrgdkxh.s 			page 39


 1826 00de 0100     		.2byte	0x1
 1827 00e0 53       		.byte	0x53
 1828 00e1 C8010000 		.4byte	.LVL67
 1829 00e5 D4010000 		.4byte	.LVL68
 1830 00e9 1600     		.2byte	0x16
 1831 00eb 72       		.byte	0x72
 1832 00ec 00       		.sleb128 0
 1833 00ed 38       		.byte	0x38
 1834 00ee 24       		.byte	0x24
 1835 00ef 91       		.byte	0x91
 1836 00f0 B47F     		.sleb128 -76
 1837 00f2 94       		.byte	0x94
 1838 00f3 01       		.byte	0x1
 1839 00f4 08       		.byte	0x8
 1840 00f5 FF       		.byte	0xff
 1841 00f6 1A       		.byte	0x1a
 1842 00f7 21       		.byte	0x21
 1843 00f8 09       		.byte	0x9
 1844 00f9 F4       		.byte	0xf4
 1845 00fa 24       		.byte	0x24
 1846 00fb 09       		.byte	0x9
 1847 00fc FA       		.byte	0xfa
 1848 00fd 26       		.byte	0x26
 1849 00fe 32       		.byte	0x32
 1850 00ff 24       		.byte	0x24
 1851 0100 9F       		.byte	0x9f
 1852 0101 D4010000 		.4byte	.LVL68
 1853 0105 0F020000 		.4byte	.LVL79-1
 1854 0109 1C00     		.2byte	0x1c
 1855 010b 91       		.byte	0x91
 1856 010c B57F     		.sleb128 -75
 1857 010e 94       		.byte	0x94
 1858 010f 01       		.byte	0x1
 1859 0110 08       		.byte	0x8
 1860 0111 FF       		.byte	0xff
 1861 0112 1A       		.byte	0x1a
 1862 0113 38       		.byte	0x38
 1863 0114 24       		.byte	0x24
 1864 0115 91       		.byte	0x91
 1865 0116 B47F     		.sleb128 -76
 1866 0118 94       		.byte	0x94
 1867 0119 01       		.byte	0x1
 1868 011a 08       		.byte	0x8
 1869 011b FF       		.byte	0xff
 1870 011c 1A       		.byte	0x1a
 1871 011d 21       		.byte	0x21
 1872 011e 09       		.byte	0x9
 1873 011f F4       		.byte	0xf4
 1874 0120 24       		.byte	0x24
 1875 0121 09       		.byte	0x9
 1876 0122 FA       		.byte	0xfa
 1877 0123 26       		.byte	0x26
 1878 0124 32       		.byte	0x32
 1879 0125 24       		.byte	0x24
 1880 0126 9F       		.byte	0x9f
 1881 0127 00000000 		.4byte	0
 1882 012b 00000000 		.4byte	0
ARM GAS  C:\Users\Susanna\AppData\Local\Temp\ccrgdkxh.s 			page 40


 1883              	.LLST2:
 1884 012f DC010000 		.4byte	.LVL69
 1885 0133 DE010000 		.4byte	.LVL70
 1886 0137 0100     		.2byte	0x1
 1887 0139 53       		.byte	0x53
 1888 013a DE010000 		.4byte	.LVL70
 1889 013e E0010000 		.4byte	.LVL71
 1890 0142 1400     		.2byte	0x14
 1891 0144 72       		.byte	0x72
 1892 0145 00       		.sleb128 0
 1893 0146 38       		.byte	0x38
 1894 0147 24       		.byte	0x24
 1895 0148 91       		.byte	0x91
 1896 0149 B07F     		.sleb128 -80
 1897 014b 94       		.byte	0x94
 1898 014c 01       		.byte	0x1
 1899 014d 08       		.byte	0x8
 1900 014e FF       		.byte	0xff
 1901 014f 1A       		.byte	0x1a
 1902 0150 21       		.byte	0x21
 1903 0151 09       		.byte	0x9
 1904 0152 F4       		.byte	0xf4
 1905 0153 24       		.byte	0x24
 1906 0154 09       		.byte	0x9
 1907 0155 FA       		.byte	0xfa
 1908 0156 26       		.byte	0x26
 1909 0157 9F       		.byte	0x9f
 1910 0158 E0010000 		.4byte	.LVL71
 1911 015c E6010000 		.4byte	.LVL72
 1912 0160 0100     		.2byte	0x1
 1913 0162 53       		.byte	0x53
 1914 0163 E6010000 		.4byte	.LVL72
 1915 0167 F2010000 		.4byte	.LVL73
 1916 016b 1600     		.2byte	0x16
 1917 016d 72       		.byte	0x72
 1918 016e 00       		.sleb128 0
 1919 016f 38       		.byte	0x38
 1920 0170 24       		.byte	0x24
 1921 0171 91       		.byte	0x91
 1922 0172 B07F     		.sleb128 -80
 1923 0174 94       		.byte	0x94
 1924 0175 01       		.byte	0x1
 1925 0176 08       		.byte	0x8
 1926 0177 FF       		.byte	0xff
 1927 0178 1A       		.byte	0x1a
 1928 0179 21       		.byte	0x21
 1929 017a 09       		.byte	0x9
 1930 017b F4       		.byte	0xf4
 1931 017c 24       		.byte	0x24
 1932 017d 09       		.byte	0x9
 1933 017e FA       		.byte	0xfa
 1934 017f 26       		.byte	0x26
 1935 0180 32       		.byte	0x32
 1936 0181 24       		.byte	0x24
 1937 0182 9F       		.byte	0x9f
 1938 0183 F2010000 		.4byte	.LVL73
 1939 0187 0F020000 		.4byte	.LVL79-1
ARM GAS  C:\Users\Susanna\AppData\Local\Temp\ccrgdkxh.s 			page 41


 1940 018b 1C00     		.2byte	0x1c
 1941 018d 91       		.byte	0x91
 1942 018e B17F     		.sleb128 -79
 1943 0190 94       		.byte	0x94
 1944 0191 01       		.byte	0x1
 1945 0192 08       		.byte	0x8
 1946 0193 FF       		.byte	0xff
 1947 0194 1A       		.byte	0x1a
 1948 0195 38       		.byte	0x38
 1949 0196 24       		.byte	0x24
 1950 0197 91       		.byte	0x91
 1951 0198 B07F     		.sleb128 -80
 1952 019a 94       		.byte	0x94
 1953 019b 01       		.byte	0x1
 1954 019c 08       		.byte	0x8
 1955 019d FF       		.byte	0xff
 1956 019e 1A       		.byte	0x1a
 1957 019f 21       		.byte	0x21
 1958 01a0 09       		.byte	0x9
 1959 01a1 F4       		.byte	0xf4
 1960 01a2 24       		.byte	0x24
 1961 01a3 09       		.byte	0x9
 1962 01a4 FA       		.byte	0xfa
 1963 01a5 26       		.byte	0x26
 1964 01a6 32       		.byte	0x32
 1965 01a7 24       		.byte	0x24
 1966 01a8 9F       		.byte	0x9f
 1967 01a9 00000000 		.4byte	0
 1968 01ad 00000000 		.4byte	0
 1969              	.LLST3:
 1970 01b1 FA010000 		.4byte	.LVL74
 1971 01b5 FC010000 		.4byte	.LVL75
 1972 01b9 0100     		.2byte	0x1
 1973 01bb 53       		.byte	0x53
 1974 01bc FC010000 		.4byte	.LVL75
 1975 01c0 FE010000 		.4byte	.LVL76
 1976 01c4 1400     		.2byte	0x14
 1977 01c6 72       		.byte	0x72
 1978 01c7 00       		.sleb128 0
 1979 01c8 38       		.byte	0x38
 1980 01c9 24       		.byte	0x24
 1981 01ca 91       		.byte	0x91
 1982 01cb AC7F     		.sleb128 -84
 1983 01cd 94       		.byte	0x94
 1984 01ce 01       		.byte	0x1
 1985 01cf 08       		.byte	0x8
 1986 01d0 FF       		.byte	0xff
 1987 01d1 1A       		.byte	0x1a
 1988 01d2 21       		.byte	0x21
 1989 01d3 09       		.byte	0x9
 1990 01d4 F4       		.byte	0xf4
 1991 01d5 24       		.byte	0x24
 1992 01d6 09       		.byte	0x9
 1993 01d7 FA       		.byte	0xfa
 1994 01d8 26       		.byte	0x26
 1995 01d9 9F       		.byte	0x9f
 1996 01da FE010000 		.4byte	.LVL76
ARM GAS  C:\Users\Susanna\AppData\Local\Temp\ccrgdkxh.s 			page 42


 1997 01de 04020000 		.4byte	.LVL77
 1998 01e2 0100     		.2byte	0x1
 1999 01e4 53       		.byte	0x53
 2000 01e5 04020000 		.4byte	.LVL77
 2001 01e9 0F020000 		.4byte	.LVL79-1
 2002 01ed 1600     		.2byte	0x16
 2003 01ef 72       		.byte	0x72
 2004 01f0 00       		.sleb128 0
 2005 01f1 38       		.byte	0x38
 2006 01f2 24       		.byte	0x24
 2007 01f3 91       		.byte	0x91
 2008 01f4 AC7F     		.sleb128 -84
 2009 01f6 94       		.byte	0x94
 2010 01f7 01       		.byte	0x1
 2011 01f8 08       		.byte	0x8
 2012 01f9 FF       		.byte	0xff
 2013 01fa 1A       		.byte	0x1a
 2014 01fb 21       		.byte	0x21
 2015 01fc 09       		.byte	0x9
 2016 01fd F4       		.byte	0xf4
 2017 01fe 24       		.byte	0x24
 2018 01ff 09       		.byte	0x9
 2019 0200 FA       		.byte	0xfa
 2020 0201 26       		.byte	0x26
 2021 0202 32       		.byte	0x32
 2022 0203 24       		.byte	0x24
 2023 0204 9F       		.byte	0x9f
 2024 0205 00000000 		.4byte	0
 2025 0209 00000000 		.4byte	0
 2026              	.LLST4:
 2027 020d 14000000 		.4byte	.LVL2
 2028 0211 18000000 		.4byte	.LVL3
 2029 0215 0200     		.2byte	0x2
 2030 0217 30       		.byte	0x30
 2031 0218 9F       		.byte	0x9f
 2032 0219 18000000 		.4byte	.LVL3
 2033 021d 38010000 		.4byte	.LVL51
 2034 0221 0100     		.2byte	0x1
 2035 0223 54       		.byte	0x54
 2036 0224 00000000 		.4byte	0
 2037 0228 00000000 		.4byte	0
 2038              		.section	.debug_aranges,"",%progbits
 2039 0000 1C000000 		.4byte	0x1c
 2040 0004 0200     		.2byte	0x2
 2041 0006 00000000 		.4byte	.Ldebug_info0
 2042 000a 04       		.byte	0x4
 2043 000b 00       		.byte	0
 2044 000c 0000     		.2byte	0
 2045 000e 0000     		.2byte	0
 2046 0010 00000000 		.4byte	.LFB64
 2047 0014 4C020000 		.4byte	.LFE64-.LFB64
 2048 0018 00000000 		.4byte	0
 2049 001c 00000000 		.4byte	0
 2050              		.section	.debug_ranges,"",%progbits
 2051              	.Ldebug_ranges0:
 2052 0000 00000000 		.4byte	.LFB64
 2053 0004 4C020000 		.4byte	.LFE64
ARM GAS  C:\Users\Susanna\AppData\Local\Temp\ccrgdkxh.s 			page 43


 2054 0008 00000000 		.4byte	0
 2055 000c 00000000 		.4byte	0
 2056              		.section	.debug_line,"",%progbits
 2057              	.Ldebug_line0:
 2058 0000 6C020000 		.section	.debug_str,"MS",%progbits,1
 2058      0200FD01 
 2058      00000201 
 2058      FB0E0D00 
 2058      01010101 
 2059              	.LASF24:
 2060 0000 6D657373 		.ascii	"message\000"
 2060      61676500 
 2061              	.LASF33:
 2062 0008 68656164 		.ascii	"header\000"
 2062      657200
 2063              	.LASF2:
 2064 000f 5F5F7569 		.ascii	"__uint8_t\000"
 2064      6E74385F 
 2064      7400
 2065              	.LASF41:
 2066 0019 55415254 		.ascii	"UART_Debug_PutString\000"
 2066      5F446562 
 2066      75675F50 
 2066      75745374 
 2066      72696E67 
 2067              	.LASF39:
 2068 002e 4932435F 		.ascii	"I2C_Peripheral_IsDeviceConnected\000"
 2068      50657269 
 2068      70686572 
 2068      616C5F49 
 2068      73446576 
 2069              	.LASF6:
 2070 004f 5F5F696E 		.ascii	"__int32_t\000"
 2070      7433325F 
 2070      7400
 2071              	.LASF51:
 2072 0059 433A5C55 		.ascii	"C:\\Users\\Susanna\\Desktop\\psoc03\\PSoC_03\\AY192"
 2072      73657273 
 2072      5C537573 
 2072      616E6E61 
 2072      5C446573 
 2073 0086 305F4949 		.ascii	"0_II_HW_05_PROJ_2.cydsn\000"
 2073      5F48575F 
 2073      30355F50 
 2073      524F4A5F 
 2073      322E6379 
 2074              	.LASF7:
 2075 009e 6C6F6E67 		.ascii	"long int\000"
 2075      20696E74 
 2075      00
 2076              	.LASF48:
 2077 00a7 55415254 		.ascii	"UART_Debug_PutArray\000"
 2077      5F446562 
 2077      75675F50 
 2077      75744172 
 2077      72617900 
 2078              	.LASF21:
ARM GAS  C:\Users\Susanna\AppData\Local\Temp\ccrgdkxh.s 			page 44


 2079 00bb 4572726F 		.ascii	"ErrorCode\000"
 2079      72436F64 
 2079      6500
 2080              	.LASF17:
 2081 00c5 646F7562 		.ascii	"double\000"
 2081      6C6500
 2082              	.LASF16:
 2083 00cc 666C6F61 		.ascii	"float\000"
 2083      7400
 2084              	.LASF36:
 2085 00d2 61636358 		.ascii	"accX\000"
 2085      00
 2086              	.LASF37:
 2087 00d7 61636359 		.ascii	"accY\000"
 2087      00
 2088              	.LASF38:
 2089 00dc 6163635A 		.ascii	"accZ\000"
 2089      00
 2090              	.LASF49:
 2091 00e1 474E5520 		.ascii	"GNU C11 5.4.1 20160609 (release) [ARM/embedded-5-br"
 2091      43313120 
 2091      352E342E 
 2091      31203230 
 2091      31363036 
 2092 0114 616E6368 		.ascii	"anch revision 237715] -mcpu=cortex-m3 -mthumb -g -O"
 2092      20726576 
 2092      6973696F 
 2092      6E203233 
 2092      37373135 
 2093 0147 67202D66 		.ascii	"g -ffunction-sections -ffat-lto-objects\000"
 2093      66756E63 
 2093      74696F6E 
 2093      2D736563 
 2093      74696F6E 
 2094              	.LASF15:
 2095 016f 696E7431 		.ascii	"int16\000"
 2095      3600
 2096              	.LASF8:
 2097 0175 6C6F6E67 		.ascii	"long unsigned int\000"
 2097      20756E73 
 2097      69676E65 
 2097      6420696E 
 2097      7400
 2098              	.LASF5:
 2099 0187 73686F72 		.ascii	"short unsigned int\000"
 2099      7420756E 
 2099      7369676E 
 2099      65642069 
 2099      6E7400
 2100              	.LASF46:
 2101 019a 4932435F 		.ascii	"I2C_Peripheral_WriteRegister\000"
 2101      50657269 
 2101      70686572 
 2101      616C5F57 
 2101      72697465 
 2102              	.LASF34:
 2103 01b7 666F6F74 		.ascii	"footer\000"
ARM GAS  C:\Users\Susanna\AppData\Local\Temp\ccrgdkxh.s 			page 45


 2103      657200
 2104              	.LASF1:
 2105 01be 756E7369 		.ascii	"unsigned char\000"
 2105      676E6564 
 2105      20636861 
 2105      7200
 2106              	.LASF35:
 2107 01cc 4F757441 		.ascii	"OutArray\000"
 2107      72726179 
 2107      00
 2108              	.LASF47:
 2109 01d5 4932435F 		.ascii	"I2C_Peripheral_ReadRegisterMulti\000"
 2109      50657269 
 2109      70686572 
 2109      616C5F52 
 2109      65616452 
 2110              	.LASF30:
 2111 01f6 4F75745F 		.ascii	"Out_accX\000"
 2111      61636358 
 2111      00
 2112              	.LASF31:
 2113 01ff 4F75745F 		.ascii	"Out_accY\000"
 2113      61636359 
 2113      00
 2114              	.LASF32:
 2115 0208 4F75745F 		.ascii	"Out_accZ\000"
 2115      6163635A 
 2115      00
 2116              	.LASF3:
 2117 0211 5F5F696E 		.ascii	"__int16_t\000"
 2117      7431365F 
 2117      7400
 2118              	.LASF28:
 2119 021b 6374726C 		.ascii	"ctrl_reg1\000"
 2119      5F726567 
 2119      3100
 2120              	.LASF52:
 2121 0225 6D61696E 		.ascii	"main\000"
 2121      00
 2122              	.LASF29:
 2123 022a 6374726C 		.ascii	"ctrl_reg4\000"
 2123      5F726567 
 2123      3400
 2124              	.LASF11:
 2125 0234 756E7369 		.ascii	"unsigned int\000"
 2125      676E6564 
 2125      20696E74 
 2125      00
 2126              	.LASF10:
 2127 0241 6C6F6E67 		.ascii	"long long unsigned int\000"
 2127      206C6F6E 
 2127      6720756E 
 2127      7369676E 
 2127      65642069 
 2128              	.LASF12:
 2129 0258 75696E74 		.ascii	"uint8_t\000"
 2129      385F7400 
ARM GAS  C:\Users\Susanna\AppData\Local\Temp\ccrgdkxh.s 			page 46


 2130              	.LASF13:
 2131 0260 696E7431 		.ascii	"int16_t\000"
 2131      365F7400 
 2132              	.LASF53:
 2133 0268 49544D5F 		.ascii	"ITM_RxBuffer\000"
 2133      52784275 
 2133      66666572 
 2133      00
 2134              	.LASF27:
 2135 0275 73746174 		.ascii	"status_register\000"
 2135      75735F72 
 2135      65676973 
 2135      74657200 
 2136              	.LASF14:
 2137 0285 696E7433 		.ascii	"int32_t\000"
 2137      325F7400 
 2138              	.LASF23:
 2139 028d 73697A65 		.ascii	"sizetype\000"
 2139      74797065 
 2139      00
 2140              	.LASF26:
 2141 0296 6572726F 		.ascii	"error\000"
 2141      7200
 2142              	.LASF9:
 2143 029c 6C6F6E67 		.ascii	"long long int\000"
 2143      206C6F6E 
 2143      6720696E 
 2143      7400
 2144              	.LASF43:
 2145 02aa 55415254 		.ascii	"UART_Debug_Start\000"
 2145      5F446562 
 2145      75675F53 
 2145      74617274 
 2145      00
 2146              	.LASF50:
 2147 02bb 6D61696E 		.ascii	"main.c\000"
 2147      2E6300
 2148              	.LASF18:
 2149 02c2 63686172 		.ascii	"char\000"
 2149      00
 2150              	.LASF45:
 2151 02c7 4932435F 		.ascii	"I2C_Peripheral_ReadRegister\000"
 2151      50657269 
 2151      70686572 
 2151      616C5F52 
 2151      65616452 
 2152              	.LASF4:
 2153 02e3 73686F72 		.ascii	"short int\000"
 2153      7420696E 
 2153      7400
 2154              	.LASF19:
 2155 02ed 4E4F5F45 		.ascii	"NO_ERROR\000"
 2155      52524F52 
 2155      00
 2156              	.LASF20:
 2157 02f6 4552524F 		.ascii	"ERROR\000"
 2157      5200
ARM GAS  C:\Users\Susanna\AppData\Local\Temp\ccrgdkxh.s 			page 47


 2158              	.LASF22:
 2159 02fc 6C6F6E67 		.ascii	"long double\000"
 2159      20646F75 
 2159      626C6500 
 2160              	.LASF0:
 2161 0308 7369676E 		.ascii	"signed char\000"
 2161      65642063 
 2161      68617200 
 2162              	.LASF25:
 2163 0314 77686F5F 		.ascii	"who_am_i_reg\000"
 2163      616D5F69 
 2163      5F726567 
 2163      00
 2164              	.LASF40:
 2165 0321 73707269 		.ascii	"sprintf\000"
 2165      6E746600 
 2166              	.LASF44:
 2167 0329 43794465 		.ascii	"CyDelay\000"
 2167      6C617900 
 2168              	.LASF42:
 2169 0331 4932435F 		.ascii	"I2C_Peripheral_Start\000"
 2169      50657269 
 2169      70686572 
 2169      616C5F53 
 2169      74617274 
 2170              		.ident	"GCC: (GNU Tools for ARM Embedded Processors) 5.4.1 20160609 (release) [ARM/embedded-5-bran
